mode: atomic
github.com/rescp17/lanFileSharer/cmd/lanfilesharer/main.go:17.54,23.35 5 0
github.com/rescp17/lanFileSharer/cmd/lanfilesharer/main.go:23.35,26.3 2 0
github.com/rescp17/lanFileSharer/cmd/lanfilesharer/main.go:29.13,31.15 2 0
github.com/rescp17/lanFileSharer/cmd/lanfilesharer/main.go:31.15,32.35 1 0
github.com/rescp17/lanFileSharer/cmd/lanfilesharer/main.go:32.35,34.4 1 0
github.com/rescp17/lanFileSharer/cmd/lanfilesharer/main.go:36.2,50.48 5 0
github.com/rescp17/lanFileSharer/cmd/lanfilesharer/main.go:50.48,52.4 1 0
github.com/rescp17/lanFileSharer/cmd/lanfilesharer/main.go:55.2,58.48 1 0
github.com/rescp17/lanFileSharer/cmd/lanfilesharer/main.go:58.48,60.4 1 0
github.com/rescp17/lanFileSharer/cmd/lanfilesharer/main.go:63.2,66.64 3 0
github.com/rescp17/lanFileSharer/cmd/lanfilesharer/main.go:66.64,68.3 1 0
github.com/rescp17/lanFileSharer/cmd/tui-test/main.go:14.13,24.35 4 0
github.com/rescp17/lanFileSharer/cmd/tui-test/main.go:24.35,27.3 2 0
github.com/rescp17/lanFileSharer/cmd/tui-test/main.go:29.2,29.30 1 0
github.com/rescp17/lanFileSharer/cmd/tui-test/main.go:33.45,69.2 1 0
github.com/rescp17/lanFileSharer/internal/app/state.go:41.54,43.2 1 0
github.com/rescp17/lanFileSharer/internal/app/state.go:47.145,51.20 3 0
github.com/rescp17/lanFileSharer/internal/app/state.go:51.20,53.3 1 0
github.com/rescp17/lanFileSharer/internal/app/state.go:55.2,64.34 2 0
github.com/rescp17/lanFileSharer/internal/app/state.go:68.78,72.20 3 0
github.com/rescp17/lanFileSharer/internal/app/state.go:72.20,74.3 1 0
github.com/rescp17/lanFileSharer/internal/app/state.go:75.2,75.27 1 0
github.com/rescp17/lanFileSharer/internal/app/state.go:79.86,83.20 3 0
github.com/rescp17/lanFileSharer/internal/app/state.go:83.20,85.3 1 0
github.com/rescp17/lanFileSharer/internal/app/state.go:87.2,87.33 1 0
github.com/rescp17/lanFileSharer/internal/app/state.go:91.69,95.51 3 0
github.com/rescp17/lanFileSharer/internal/app/state.go:95.51,98.3 2 0
github.com/rescp17/lanFileSharer/internal/app/state.go:99.2,99.26 1 0
github.com/rescp17/lanFileSharer/internal/app/state.go:99.26,102.3 2 0
github.com/rescp17/lanFileSharer/internal/app/state.go:103.2,106.12 4 0
github.com/rescp17/lanFileSharer/internal/app/state.go:110.82,114.20 3 0
github.com/rescp17/lanFileSharer/internal/app/state.go:114.20,116.3 1 0
github.com/rescp17/lanFileSharer/internal/app/state.go:117.2,117.31 1 0
github.com/rescp17/lanFileSharer/internal/app/state.go:117.31,119.3 1 0
github.com/rescp17/lanFileSharer/internal/app/state.go:121.2,124.12 4 0
github.com/rescp17/lanFileSharer/internal/app/state.go:128.81,132.20 3 0
github.com/rescp17/lanFileSharer/internal/app/state.go:132.20,136.3 3 0
github.com/rescp17/lanFileSharer/internal/app/state.go:137.2,137.27 1 0
github.com/rescp17/lanFileSharer/internal/app/state.go:141.86,145.50 3 0
github.com/rescp17/lanFileSharer/internal/app/state.go:145.50,147.3 1 0
github.com/rescp17/lanFileSharer/internal/app/state.go:149.2,150.12 2 0
github.com/rescp17/lanFileSharer/internal/app/state.go:154.53,158.52 3 0
github.com/rescp17/lanFileSharer/internal/app/state.go:158.52,161.3 2 0
github.com/rescp17/lanFileSharer/internal/app/state.go:162.2,162.15 1 0
github.com/rescp17/lanFileSharer/internal/app/state.go:166.82,170.50 3 0
github.com/rescp17/lanFileSharer/internal/app/state.go:170.50,174.3 3 0
github.com/rescp17/lanFileSharer/internal/app/state.go:175.2,175.30 1 0
github.com/rescp17/lanFileSharer/internal/app/state.go:179.47,183.20 3 0
github.com/rescp17/lanFileSharer/internal/app/state.go:183.20,184.16 1 0
github.com/rescp17/lanFileSharer/internal/app/state.go:184.16,185.36 1 0
github.com/rescp17/lanFileSharer/internal/app/state.go:185.36,187.5 1 0
github.com/rescp17/lanFileSharer/internal/app/state.go:189.3,190.35 2 0
github.com/rescp17/lanFileSharer/internal/app/state.go:192.2,192.15 1 0
github.com/rescp17/lanFileSharer/internal/app/state.go:196.70,200.20 3 0
github.com/rescp17/lanFileSharer/internal/app/state.go:200.20,204.3 3 0
github.com/rescp17/lanFileSharer/internal/app/state.go:205.2,205.29 1 0
github.com/rescp17/lanFileSharer/api/receiver.go:32.85,39.2 3 0
github.com/rescp17/lanFileSharer/api/receiver.go:42.65,44.2 1 0
github.com/rescp17/lanFileSharer/api/receiver.go:47.32,51.2 3 0
github.com/rescp17/lanFileSharer/api/receiver.go:61.109,67.2 1 0
github.com/rescp17/lanFileSharer/api/receiver.go:70.88,71.71 1 0
github.com/rescp17/lanFileSharer/api/receiver.go:71.71,72.30 1 0
github.com/rescp17/lanFileSharer/api/receiver.go:72.30,73.17 1 0
github.com/rescp17/lanFileSharer/api/receiver.go:73.17,74.33 1 0
github.com/rescp17/lanFileSharer/api/receiver.go:74.33,77.6 2 0
github.com/rescp17/lanFileSharer/api/receiver.go:79.4,80.10 2 0
github.com/rescp17/lanFileSharer/api/receiver.go:83.3,84.42 2 0
github.com/rescp17/lanFileSharer/api/receiver.go:84.42,91.18 5 0
github.com/rescp17/lanFileSharer/api/receiver.go:91.18,93.5 1 0
github.com/rescp17/lanFileSharer/api/receiver.go:94.9,94.24 1 0
github.com/rescp17/lanFileSharer/api/receiver.go:94.24,97.4 2 0
github.com/rescp17/lanFileSharer/api/receiver.go:102.78,104.61 2 0
github.com/rescp17/lanFileSharer/api/receiver.go:104.61,108.3 3 0
github.com/rescp17/lanFileSharer/api/receiver.go:110.2,111.68 2 0
github.com/rescp17/lanFileSharer/api/receiver.go:111.68,115.3 3 0
github.com/rescp17/lanFileSharer/api/receiver.go:116.2,119.16 3 0
github.com/rescp17/lanFileSharer/api/receiver.go:119.16,123.3 3 0
github.com/rescp17/lanFileSharer/api/receiver.go:124.2,132.9 7 0
github.com/rescp17/lanFileSharer/api/receiver.go:132.9,136.3 3 0
github.com/rescp17/lanFileSharer/api/receiver.go:137.2,137.9 1 0
github.com/rescp17/lanFileSharer/api/receiver.go:138.28,140.9 2 0
github.com/rescp17/lanFileSharer/api/receiver.go:141.38,142.10 1 0
github.com/rescp17/lanFileSharer/api/receiver.go:142.10,144.54 2 0
github.com/rescp17/lanFileSharer/api/receiver.go:144.54,146.5 1 0
github.com/rescp17/lanFileSharer/api/receiver.go:147.4,147.10 1 0
github.com/rescp17/lanFileSharer/api/receiver.go:149.3,149.31 1 0
github.com/rescp17/lanFileSharer/api/receiver.go:149.31,151.54 2 0
github.com/rescp17/lanFileSharer/api/receiver.go:151.54,153.5 1 0
github.com/rescp17/lanFileSharer/api/receiver.go:154.4,154.10 1 0
github.com/rescp17/lanFileSharer/api/receiver.go:158.2,159.62 2 0
github.com/rescp17/lanFileSharer/api/receiver.go:159.62,163.3 3 0
github.com/rescp17/lanFileSharer/api/receiver.go:165.2,165.68 1 0
github.com/rescp17/lanFileSharer/api/receiver.go:165.68,168.3 2 0
github.com/rescp17/lanFileSharer/api/receiver.go:172.92,175.16 3 0
github.com/rescp17/lanFileSharer/api/receiver.go:175.16,178.3 2 0
github.com/rescp17/lanFileSharer/api/receiver.go:179.2,179.90 1 0
github.com/rescp17/lanFileSharer/api/receiver.go:179.90,181.3 1 0
github.com/rescp17/lanFileSharer/api/receiver.go:183.2,184.12 2 0
github.com/rescp17/lanFileSharer/api/receiver.go:188.110,194.9 4 0
github.com/rescp17/lanFileSharer/api/receiver.go:195.33,196.10 1 0
github.com/rescp17/lanFileSharer/api/receiver.go:196.10,198.4 1 0
github.com/rescp17/lanFileSharer/api/receiver.go:199.20,200.19 1 0
github.com/rescp17/lanFileSharer/api/receiver.go:203.2,207.16 4 0
github.com/rescp17/lanFileSharer/api/receiver.go:207.16,209.3 1 0
github.com/rescp17/lanFileSharer/api/receiver.go:211.2,211.87 1 0
github.com/rescp17/lanFileSharer/api/receiver.go:211.87,213.3 1 0
github.com/rescp17/lanFileSharer/api/receiver.go:214.2,215.12 2 0
github.com/rescp17/lanFileSharer/api/receiver.go:219.116,224.6 3 0
github.com/rescp17/lanFileSharer/api/receiver.go:224.6,225.10 1 0
github.com/rescp17/lanFileSharer/api/receiver.go:226.21,228.20 2 0
github.com/rescp17/lanFileSharer/api/receiver.go:229.41,230.11 1 0
github.com/rescp17/lanFileSharer/api/receiver.go:230.11,234.19 3 0
github.com/rescp17/lanFileSharer/api/receiver.go:234.19,236.6 1 0
github.com/rescp17/lanFileSharer/api/receiver.go:237.5,238.15 2 0
github.com/rescp17/lanFileSharer/api/receiver.go:241.4,244.18 4 0
github.com/rescp17/lanFileSharer/api/receiver.go:244.18,246.13 2 0
github.com/rescp17/lanFileSharer/api/receiver.go:249.4,249.92 1 0
github.com/rescp17/lanFileSharer/api/receiver.go:249.92,251.5 1 0
github.com/rescp17/lanFileSharer/api/receiver.go:252.4,252.19 1 0
github.com/rescp17/lanFileSharer/api/receiver.go:257.84,259.61 2 0
github.com/rescp17/lanFileSharer/api/receiver.go:259.61,262.3 2 0
github.com/rescp17/lanFileSharer/api/receiver.go:263.2,265.57 2 0
github.com/rescp17/lanFileSharer/api/receiver.go:265.57,270.3 3 0
github.com/rescp17/lanFileSharer/api/receiver.go:272.2,276.17 3 0
github.com/rescp17/lanFileSharer/api/receiver.go:276.17,278.3 1 0
github.com/rescp17/lanFileSharer/api/receiver.go:281.77,284.23 3 0
github.com/rescp17/lanFileSharer/api/receiver.go:284.23,287.3 2 0
github.com/rescp17/lanFileSharer/api/receiver.go:288.2,288.96 1 0
github.com/rescp17/lanFileSharer/api/receiver.go:288.96,290.3 1 0
github.com/rescp17/lanFileSharer/api/receiver.go:291.2,291.17 1 0
github.com/rescp17/lanFileSharer/api/sender.go:25.82,28.2 2 5
github.com/rescp17/lanFileSharer/api/sender.go:37.42,52.2 2 11
github.com/rescp17/lanFileSharer/api/sender.go:58.124,59.23 1 2
github.com/rescp17/lanFileSharer/api/sender.go:59.23,61.3 1 0
github.com/rescp17/lanFileSharer/api/sender.go:63.2,64.16 2 2
github.com/rescp17/lanFileSharer/api/sender.go:64.16,66.3 1 0
github.com/rescp17/lanFileSharer/api/sender.go:68.2,69.16 2 2
github.com/rescp17/lanFileSharer/api/sender.go:69.16,71.3 1 0
github.com/rescp17/lanFileSharer/api/sender.go:73.2,74.16 2 2
github.com/rescp17/lanFileSharer/api/sender.go:74.16,76.3 1 0
github.com/rescp17/lanFileSharer/api/sender.go:78.2,79.16 2 2
github.com/rescp17/lanFileSharer/api/sender.go:79.16,81.3 1 1
github.com/rescp17/lanFileSharer/api/sender.go:82.2,82.15 1 1
github.com/rescp17/lanFileSharer/api/sender.go:82.15,83.43 1 1
github.com/rescp17/lanFileSharer/api/sender.go:83.43,85.4 1 0
github.com/rescp17/lanFileSharer/api/sender.go:88.2,88.38 1 1
github.com/rescp17/lanFileSharer/api/sender.go:88.38,90.3 1 0
github.com/rescp17/lanFileSharer/api/sender.go:92.2,92.12 1 1
github.com/rescp17/lanFileSharer/api/signaler.go:38.16,46.2 1 11
github.com/rescp17/lanFileSharer/api/signaler.go:50.134,56.16 2 4
github.com/rescp17/lanFileSharer/api/signaler.go:56.16,58.3 1 1
github.com/rescp17/lanFileSharer/api/signaler.go:60.2,65.16 3 3
github.com/rescp17/lanFileSharer/api/signaler.go:65.16,67.3 1 0
github.com/rescp17/lanFileSharer/api/signaler.go:69.2,70.16 2 3
github.com/rescp17/lanFileSharer/api/signaler.go:70.16,72.3 1 0
github.com/rescp17/lanFileSharer/api/signaler.go:73.2,77.16 4 3
github.com/rescp17/lanFileSharer/api/signaler.go:77.16,79.3 1 0
github.com/rescp17/lanFileSharer/api/signaler.go:81.2,81.38 1 3
github.com/rescp17/lanFileSharer/api/signaler.go:81.38,83.3 1 0
github.com/rescp17/lanFileSharer/api/signaler.go:87.2,89.12 2 3
github.com/rescp17/lanFileSharer/api/signaler.go:93.64,94.15 1 3
github.com/rescp17/lanFileSharer/api/signaler.go:94.15,95.43 1 3
github.com/rescp17/lanFileSharer/api/signaler.go:95.43,97.4 1 0
github.com/rescp17/lanFileSharer/api/signaler.go:99.2,104.21 5 3
github.com/rescp17/lanFileSharer/api/signaler.go:104.21,107.17 2 9
github.com/rescp17/lanFileSharer/api/signaler.go:107.17,108.28 1 3
github.com/rescp17/lanFileSharer/api/signaler.go:108.28,112.5 2 3
github.com/rescp17/lanFileSharer/api/signaler.go:113.4,113.12 1 3
github.com/rescp17/lanFileSharer/api/signaler.go:116.3,116.68 1 6
github.com/rescp17/lanFileSharer/api/signaler.go:116.68,118.4 1 3
github.com/rescp17/lanFileSharer/api/signaler.go:118.9,118.73 1 3
github.com/rescp17/lanFileSharer/api/signaler.go:118.73,122.24 3 3
github.com/rescp17/lanFileSharer/api/signaler.go:123.18,124.26 1 2
github.com/rescp17/lanFileSharer/api/signaler.go:125.21,126.29 1 1
github.com/rescp17/lanFileSharer/api/signaler.go:131.2,131.38 1 3
github.com/rescp17/lanFileSharer/api/signaler.go:131.38,133.3 1 0
github.com/rescp17/lanFileSharer/api/signaler.go:133.8,133.50 1 3
github.com/rescp17/lanFileSharer/api/signaler.go:133.50,135.3 1 0
github.com/rescp17/lanFileSharer/api/signaler.go:139.54,140.15 1 3
github.com/rescp17/lanFileSharer/api/signaler.go:141.16,142.28 1 2
github.com/rescp17/lanFileSharer/api/signaler.go:143.19,144.31 1 0
github.com/rescp17/lanFileSharer/api/signaler.go:145.19,146.35 1 1
github.com/rescp17/lanFileSharer/api/signaler.go:147.25,148.57 1 0
github.com/rescp17/lanFileSharer/api/signaler.go:149.10,150.58 1 0
github.com/rescp17/lanFileSharer/api/signaler.go:154.54,159.64 2 2
github.com/rescp17/lanFileSharer/api/signaler.go:159.64,162.3 2 0
github.com/rescp17/lanFileSharer/api/signaler.go:163.2,163.34 1 2
github.com/rescp17/lanFileSharer/api/signaler.go:166.57,170.64 2 3
github.com/rescp17/lanFileSharer/api/signaler.go:170.64,173.3 2 1
github.com/rescp17/lanFileSharer/api/signaler.go:175.2,175.66 1 2
github.com/rescp17/lanFileSharer/api/signaler.go:175.66,177.3 1 1
github.com/rescp17/lanFileSharer/api/signaler.go:181.94,182.9 1 3
github.com/rescp17/lanFileSharer/api/signaler.go:183.32,184.20 1 1
github.com/rescp17/lanFileSharer/api/signaler.go:184.20,186.4 1 0
github.com/rescp17/lanFileSharer/api/signaler.go:187.3,187.21 1 1
github.com/rescp17/lanFileSharer/api/signaler.go:188.26,190.18 1 1
github.com/rescp17/lanFileSharer/api/signaler.go:191.20,192.69 1 1
github.com/rescp17/lanFileSharer/api/signaler.go:196.102,198.12 2 2
github.com/rescp17/lanFileSharer/api/signaler.go:198.12,199.92 1 2
github.com/rescp17/lanFileSharer/api/signaler.go:199.92,202.4 2 1
github.com/rescp17/lanFileSharer/api/signaler.go:202.9,205.4 2 1
github.com/rescp17/lanFileSharer/api/signaler.go:207.2,207.9 1 2
github.com/rescp17/lanFileSharer/api/signaler.go:208.28,209.13 1 2
github.com/rescp17/lanFileSharer/api/signaler.go:210.20,211.83 1 0
github.com/rescp17/lanFileSharer/api/signaler.go:215.44,216.9 1 1
github.com/rescp17/lanFileSharer/api/signaler.go:217.24,217.24 0 1
github.com/rescp17/lanFileSharer/api/signaler.go:218.10,219.76 1 0
github.com/rescp17/lanFileSharer/internal/app_events/events.go:14.28,14.29 0 0
github.com/rescp17/lanFileSharer/internal/app_events/events.go:24.33,24.34 0 0
github.com/rescp17/lanFileSharer/internal/style/style.go:50.33,55.2 4 0
github.com/rescp17/lanFileSharer/internal/style/style.go:58.36,62.2 3 0
github.com/rescp17/lanFileSharer/pkg/concurrency/guard.go:16.46,18.2 1 0
github.com/rescp17/lanFileSharer/pkg/concurrency/guard.go:20.61,22.14 2 0
github.com/rescp17/lanFileSharer/pkg/concurrency/guard.go:22.14,25.3 2 0
github.com/rescp17/lanFileSharer/pkg/concurrency/guard.go:26.2,28.15 3 0
github.com/rescp17/lanFileSharer/pkg/concurrency/guard.go:28.15,32.3 3 0
github.com/rescp17/lanFileSharer/pkg/concurrency/guard.go:33.2,33.15 1 0
github.com/rescp17/lanFileSharer/pkg/concurrency/guard.go:37.108,39.14 2 0
github.com/rescp17/lanFileSharer/pkg/concurrency/guard.go:39.14,42.3 2 0
github.com/rescp17/lanFileSharer/pkg/concurrency/guard.go:43.2,45.15 3 0
github.com/rescp17/lanFileSharer/pkg/concurrency/guard.go:45.15,49.3 3 0
github.com/rescp17/lanFileSharer/pkg/concurrency/guard.go:52.2,52.9 1 0
github.com/rescp17/lanFileSharer/pkg/concurrency/guard.go:53.20,54.19 1 0
github.com/rescp17/lanFileSharer/pkg/concurrency/guard.go:55.10,55.10 0 0
github.com/rescp17/lanFileSharer/pkg/concurrency/guard.go:58.2,58.18 1 0
github.com/rescp17/lanFileSharer/internal/util/format.go:8.36,10.17 2 25
github.com/rescp17/lanFileSharer/internal/util/format.go:10.17,12.3 1 4
github.com/rescp17/lanFileSharer/internal/util/format.go:15.2,19.23 3 21
github.com/rescp17/lanFileSharer/internal/util/format.go:19.23,21.3 1 1
github.com/rescp17/lanFileSharer/internal/util/format.go:24.2,28.19 3 21
github.com/rescp17/lanFileSharer/internal/util/format.go:28.19,30.3 1 8
github.com/rescp17/lanFileSharer/internal/util/format.go:33.2,37.9 3 13
github.com/rescp17/lanFileSharer/internal/util/format.go:38.23,39.63 1 5
github.com/rescp17/lanFileSharer/internal/util/format.go:40.24,41.66 1 3
github.com/rescp17/lanFileSharer/internal/util/format.go:42.10,43.65 1 5
github.com/rescp17/lanFileSharer/internal/util/path.go:7.71,9.19 2 8
github.com/rescp17/lanFileSharer/internal/util/path.go:9.19,10.31 1 4
github.com/rescp17/lanFileSharer/internal/util/path.go:10.31,12.10 1 2
github.com/rescp17/lanFileSharer/internal/util/path.go:13.9,13.33 1 2
github.com/rescp17/lanFileSharer/internal/util/path.go:15.5,15.35 1 4
github.com/rescp17/lanFileSharer/internal/util/space.go:9.45,11.15 2 32
github.com/rescp17/lanFileSharer/internal/util/space.go:11.15,13.3 1 10
github.com/rescp17/lanFileSharer/internal/util/space.go:14.2,14.43 1 22
github.com/rescp17/lanFileSharer/pkg/discovery/mdns.go:13.84,28.16 5 0
github.com/rescp17/lanFileSharer/pkg/discovery/mdns.go:28.16,30.3 1 0
github.com/rescp17/lanFileSharer/pkg/discovery/mdns.go:32.2,33.16 2 0
github.com/rescp17/lanFileSharer/pkg/discovery/mdns.go:33.16,35.3 1 0
github.com/rescp17/lanFileSharer/pkg/discovery/mdns.go:37.2,37.42 1 0
github.com/rescp17/lanFileSharer/pkg/discovery/mdns.go:37.42,39.3 1 0
github.com/rescp17/lanFileSharer/pkg/discovery/mdns.go:41.2,41.39 1 0
github.com/rescp17/lanFileSharer/pkg/discovery/mdns.go:41.39,43.30 1 0
github.com/rescp17/lanFileSharer/pkg/discovery/mdns.go:43.30,45.4 1 0
github.com/rescp17/lanFileSharer/pkg/discovery/mdns.go:46.3,46.66 1 0
github.com/rescp17/lanFileSharer/pkg/discovery/mdns.go:49.2,50.12 2 0
github.com/rescp17/lanFileSharer/pkg/discovery/mdns.go:55.92,62.25 2 0
github.com/rescp17/lanFileSharer/pkg/discovery/mdns.go:62.25,66.33 4 0
github.com/rescp17/lanFileSharer/pkg/discovery/mdns.go:66.33,68.4 1 0
github.com/rescp17/lanFileSharer/pkg/discovery/mdns.go:69.3,69.10 1 0
github.com/rescp17/lanFileSharer/pkg/discovery/mdns.go:70.65,70.65 0 0
github.com/rescp17/lanFileSharer/pkg/discovery/mdns.go:71.11,71.11 0 0
github.com/rescp17/lanFileSharer/pkg/discovery/mdns.go:75.2,75.31 1 0
github.com/rescp17/lanFileSharer/pkg/discovery/mdns.go:75.31,76.10 1 0
github.com/rescp17/lanFileSharer/pkg/discovery/mdns.go:77.60,77.60 0 0
github.com/rescp17/lanFileSharer/pkg/discovery/mdns.go:78.11,78.11 0 0
github.com/rescp17/lanFileSharer/pkg/discovery/mdns.go:82.2,82.37 1 0
github.com/rescp17/lanFileSharer/pkg/discovery/mdns.go:82.37,93.3 4 0
github.com/rescp17/lanFileSharer/pkg/discovery/mdns.go:95.2,95.37 1 0
github.com/rescp17/lanFileSharer/pkg/discovery/mdns.go:95.37,100.3 4 0
github.com/rescp17/lanFileSharer/pkg/discovery/mdns.go:102.2,102.12 1 0
github.com/rescp17/lanFileSharer/pkg/discovery/mdns.go:102.12,104.70 2 0
github.com/rescp17/lanFileSharer/pkg/discovery/mdns.go:104.70,106.4 1 0
github.com/rescp17/lanFileSharer/pkg/discovery/mdns.go:109.2,109.14 1 0
github.com/rescp17/lanFileSharer/pkg/fileInfo/checksum.go:13.55,15.16 2 0
github.com/rescp17/lanFileSharer/pkg/fileInfo/checksum.go:15.16,17.3 1 0
github.com/rescp17/lanFileSharer/pkg/fileInfo/checksum.go:18.2,18.15 1 0
github.com/rescp17/lanFileSharer/pkg/fileInfo/checksum.go:18.15,19.38 1 0
github.com/rescp17/lanFileSharer/pkg/fileInfo/checksum.go:19.38,21.4 1 0
github.com/rescp17/lanFileSharer/pkg/fileInfo/checksum.go:23.2,24.49 2 0
github.com/rescp17/lanFileSharer/pkg/fileInfo/checksum.go:24.49,26.3 1 0
github.com/rescp17/lanFileSharer/pkg/fileInfo/checksum.go:27.2,28.37 2 0
github.com/rescp17/lanFileSharer/pkg/fileInfo/checksum.go:31.51,32.14 1 0
github.com/rescp17/lanFileSharer/pkg/fileInfo/checksum.go:32.14,34.17 2 0
github.com/rescp17/lanFileSharer/pkg/fileInfo/checksum.go:34.17,36.4 1 0
github.com/rescp17/lanFileSharer/pkg/fileInfo/checksum.go:37.3,38.18 2 0
github.com/rescp17/lanFileSharer/pkg/fileInfo/checksum.go:41.2,42.45 2 0
github.com/rescp17/lanFileSharer/pkg/fileInfo/checksum.go:42.45,44.3 1 0
github.com/rescp17/lanFileSharer/pkg/fileInfo/checksum.go:45.2,45.35 1 0
github.com/rescp17/lanFileSharer/pkg/fileInfo/checksum.go:45.35,47.17 2 0
github.com/rescp17/lanFileSharer/pkg/fileInfo/checksum.go:47.17,49.4 1 0
github.com/rescp17/lanFileSharer/pkg/fileInfo/checksum.go:50.3,50.52 1 0
github.com/rescp17/lanFileSharer/pkg/fileInfo/checksum.go:52.2,55.24 4 0
github.com/rescp17/lanFileSharer/pkg/fileInfo/checksum.go:58.72,60.16 2 0
github.com/rescp17/lanFileSharer/pkg/fileInfo/checksum.go:60.16,62.3 1 0
github.com/rescp17/lanFileSharer/pkg/fileInfo/checksum.go:63.2,63.40 1 0
github.com/rescp17/lanFileSharer/pkg/fileInfo/fileNode.go:21.48,23.16 2 0
github.com/rescp17/lanFileSharer/pkg/fileInfo/fileNode.go:23.16,25.3 1 0
github.com/rescp17/lanFileSharer/pkg/fileInfo/fileNode.go:26.2,32.16 2 0
github.com/rescp17/lanFileSharer/pkg/fileInfo/fileNode.go:32.16,34.17 2 0
github.com/rescp17/lanFileSharer/pkg/fileInfo/fileNode.go:34.17,36.4 1 0
github.com/rescp17/lanFileSharer/pkg/fileInfo/fileNode.go:38.3,40.33 2 0
github.com/rescp17/lanFileSharer/pkg/fileInfo/fileNode.go:40.33,43.18 3 0
github.com/rescp17/lanFileSharer/pkg/fileInfo/fileNode.go:43.18,45.13 2 0
github.com/rescp17/lanFileSharer/pkg/fileInfo/fileNode.go:47.4,48.31 2 0
github.com/rescp17/lanFileSharer/pkg/fileInfo/fileNode.go:50.8,52.17 2 0
github.com/rescp17/lanFileSharer/pkg/fileInfo/fileNode.go:52.17,54.4 1 0
github.com/rescp17/lanFileSharer/pkg/fileInfo/fileNode.go:54.9,56.4 1 0
github.com/rescp17/lanFileSharer/pkg/fileInfo/fileNode.go:58.2,59.16 2 0
github.com/rescp17/lanFileSharer/pkg/fileInfo/fileNode.go:59.16,61.3 1 0
github.com/rescp17/lanFileSharer/pkg/fileInfo/fileNode.go:62.2,63.18 2 0
github.com/rescp17/lanFileSharer/pkg/fileTree/file-tree.go:45.65,53.2 1 0
github.com/rescp17/lanFileSharer/pkg/fileTree/file-tree.go:55.31,57.2 1 0
github.com/rescp17/lanFileSharer/pkg/fileTree/file-tree.go:60.57,61.27 1 0
github.com/rescp17/lanFileSharer/pkg/fileTree/file-tree.go:62.25,64.24 2 0
github.com/rescp17/lanFileSharer/pkg/fileTree/file-tree.go:66.18,67.10 1 0
github.com/rescp17/lanFileSharer/pkg/fileTree/file-tree.go:68.38,69.22 1 0
github.com/rescp17/lanFileSharer/pkg/fileTree/file-tree.go:71.36,72.20 1 0
github.com/rescp17/lanFileSharer/pkg/fileTree/file-tree.go:72.20,74.5 1 0
github.com/rescp17/lanFileSharer/pkg/fileTree/file-tree.go:76.38,77.33 1 0
github.com/rescp17/lanFileSharer/pkg/fileTree/file-tree.go:77.33,79.5 1 0
github.com/rescp17/lanFileSharer/pkg/fileTree/file-tree.go:81.44,82.26 1 0
github.com/rescp17/lanFileSharer/pkg/fileTree/file-tree.go:82.26,88.5 4 0
github.com/rescp17/lanFileSharer/pkg/fileTree/file-tree.go:90.43,91.25 1 0
github.com/rescp17/lanFileSharer/pkg/fileTree/file-tree.go:91.25,93.5 1 0
github.com/rescp17/lanFileSharer/pkg/fileTree/file-tree.go:94.4,95.60 2 0
github.com/rescp17/lanFileSharer/pkg/fileTree/file-tree.go:95.60,101.5 3 0
github.com/rescp17/lanFileSharer/pkg/fileTree/file-tree.go:105.2,105.15 1 0
github.com/rescp17/lanFileSharer/pkg/fileTree/file-tree.go:109.30,129.31 13 0
github.com/rescp17/lanFileSharer/pkg/fileTree/file-tree.go:129.31,131.20 2 0
github.com/rescp17/lanFileSharer/pkg/fileTree/file-tree.go:131.20,133.4 1 0
github.com/rescp17/lanFileSharer/pkg/fileTree/file-tree.go:135.3,141.17 5 0
github.com/rescp17/lanFileSharer/pkg/fileTree/file-tree.go:141.17,144.4 2 0
github.com/rescp17/lanFileSharer/pkg/fileTree/file-tree.go:144.9,149.4 4 0
github.com/rescp17/lanFileSharer/pkg/fileTree/file-tree.go:151.3,155.17 4 0
github.com/rescp17/lanFileSharer/pkg/fileTree/file-tree.go:155.17,157.4 1 0
github.com/rescp17/lanFileSharer/pkg/fileTree/file-tree.go:157.9,159.4 1 0
github.com/rescp17/lanFileSharer/pkg/fileTree/file-tree.go:163.2,172.42 3 0
github.com/rescp17/lanFileSharer/pkg/fileTree/file-tree.go:177.54,178.49 1 0
github.com/rescp17/lanFileSharer/pkg/fileTree/file-tree.go:178.49,180.3 1 0
github.com/rescp17/lanFileSharer/pkg/fileTree/file-tree.go:181.2,181.12 1 0
github.com/rescp17/lanFileSharer/pkg/multiFilePicker/multi-file-picker.go:85.27,95.16 9 3
github.com/rescp17/lanFileSharer/pkg/multiFilePicker/multi-file-picker.go:95.16,98.3 2 0
github.com/rescp17/lanFileSharer/pkg/multiFilePicker/multi-file-picker.go:100.2,108.3 1 3
github.com/rescp17/lanFileSharer/pkg/multiFilePicker/multi-file-picker.go:111.67,112.27 1 3
github.com/rescp17/lanFileSharer/pkg/multiFilePicker/multi-file-picker.go:112.27,114.3 1 3
github.com/rescp17/lanFileSharer/pkg/multiFilePicker/multi-file-picker.go:116.2,117.16 2 3
github.com/rescp17/lanFileSharer/pkg/multiFilePicker/multi-file-picker.go:117.16,121.3 3 0
github.com/rescp17/lanFileSharer/pkg/multiFilePicker/multi-file-picker.go:123.2,124.16 2 3
github.com/rescp17/lanFileSharer/pkg/multiFilePicker/multi-file-picker.go:124.16,129.3 4 0
github.com/rescp17/lanFileSharer/pkg/multiFilePicker/multi-file-picker.go:130.2,130.19 1 3
github.com/rescp17/lanFileSharer/pkg/multiFilePicker/multi-file-picker.go:130.19,135.3 4 0
github.com/rescp17/lanFileSharer/pkg/multiFilePicker/multi-file-picker.go:138.2,139.16 2 3
github.com/rescp17/lanFileSharer/pkg/multiFilePicker/multi-file-picker.go:139.16,142.3 2 0
github.com/rescp17/lanFileSharer/pkg/multiFilePicker/multi-file-picker.go:144.2,145.32 2 3
github.com/rescp17/lanFileSharer/pkg/multiFilePicker/multi-file-picker.go:145.32,151.17 5 9
github.com/rescp17/lanFileSharer/pkg/multiFilePicker/multi-file-picker.go:151.17,153.20 2 9
github.com/rescp17/lanFileSharer/pkg/multiFilePicker/multi-file-picker.go:153.20,155.5 1 3
github.com/rescp17/lanFileSharer/pkg/multiFilePicker/multi-file-picker.go:155.10,157.5 1 6
github.com/rescp17/lanFileSharer/pkg/multiFilePicker/multi-file-picker.go:161.3,161.21 1 9
github.com/rescp17/lanFileSharer/pkg/multiFilePicker/multi-file-picker.go:161.21,164.18 3 6
github.com/rescp17/lanFileSharer/pkg/multiFilePicker/multi-file-picker.go:164.18,166.5 1 6
github.com/rescp17/lanFileSharer/pkg/multiFilePicker/multi-file-picker.go:169.3,177.4 1 9
github.com/rescp17/lanFileSharer/pkg/multiFilePicker/multi-file-picker.go:181.2,181.43 1 3
github.com/rescp17/lanFileSharer/pkg/multiFilePicker/multi-file-picker.go:181.43,182.45 1 9
github.com/rescp17/lanFileSharer/pkg/multiFilePicker/multi-file-picker.go:182.45,184.4 1 6
github.com/rescp17/lanFileSharer/pkg/multiFilePicker/multi-file-picker.go:185.3,185.45 1 3
github.com/rescp17/lanFileSharer/pkg/multiFilePicker/multi-file-picker.go:188.2,188.22 1 3
github.com/rescp17/lanFileSharer/pkg/multiFilePicker/multi-file-picker.go:192.31,194.2 1 0
github.com/rescp17/lanFileSharer/pkg/multiFilePicker/multi-file-picker.go:196.57,197.16 1 14
github.com/rescp17/lanFileSharer/pkg/multiFilePicker/multi-file-picker.go:197.16,199.3 1 0
github.com/rescp17/lanFileSharer/pkg/multiFilePicker/multi-file-picker.go:201.2,201.27 1 14
github.com/rescp17/lanFileSharer/pkg/multiFilePicker/multi-file-picker.go:202.25,204.16 2 0
github.com/rescp17/lanFileSharer/pkg/multiFilePicker/multi-file-picker.go:206.18,208.36 1 14
github.com/rescp17/lanFileSharer/pkg/multiFilePicker/multi-file-picker.go:208.36,209.27 1 2
github.com/rescp17/lanFileSharer/pkg/multiFilePicker/multi-file-picker.go:209.27,211.21 1 0
github.com/rescp17/lanFileSharer/pkg/multiFilePicker/multi-file-picker.go:211.21,214.6 2 0
github.com/rescp17/lanFileSharer/pkg/multiFilePicker/multi-file-picker.go:216.5,220.18 5 0
github.com/rescp17/lanFileSharer/pkg/multiFilePicker/multi-file-picker.go:223.4,224.22 2 2
github.com/rescp17/lanFileSharer/pkg/multiFilePicker/multi-file-picker.go:228.3,228.17 1 12
github.com/rescp17/lanFileSharer/pkg/multiFilePicker/multi-file-picker.go:229.19,230.30 1 12
github.com/rescp17/lanFileSharer/pkg/multiFilePicker/multi-file-picker.go:231.18,233.41 2 0
github.com/rescp17/lanFileSharer/pkg/multiFilePicker/multi-file-picker.go:233.41,235.5 1 0
github.com/rescp17/lanFileSharer/pkg/multiFilePicker/multi-file-picker.go:236.4,236.17 1 0
github.com/rescp17/lanFileSharer/pkg/multiFilePicker/multi-file-picker.go:240.2,240.15 1 0
github.com/rescp17/lanFileSharer/pkg/multiFilePicker/multi-file-picker.go:244.66,245.9 1 12
github.com/rescp17/lanFileSharer/pkg/multiFilePicker/multi-file-picker.go:246.44,249.28 3 0
github.com/rescp17/lanFileSharer/pkg/multiFilePicker/multi-file-picker.go:251.35,252.19 1 3
github.com/rescp17/lanFileSharer/pkg/multiFilePicker/multi-file-picker.go:252.19,255.27 2 2
github.com/rescp17/lanFileSharer/pkg/multiFilePicker/multi-file-picker.go:255.27,257.5 1 0
github.com/rescp17/lanFileSharer/pkg/multiFilePicker/multi-file-picker.go:260.37,261.32 1 4
github.com/rescp17/lanFileSharer/pkg/multiFilePicker/multi-file-picker.go:261.32,265.41 3 3
github.com/rescp17/lanFileSharer/pkg/multiFilePicker/multi-file-picker.go:265.41,267.5 1 0
github.com/rescp17/lanFileSharer/pkg/multiFilePicker/multi-file-picker.go:270.38,274.31 3 0
github.com/rescp17/lanFileSharer/pkg/multiFilePicker/multi-file-picker.go:274.31,276.4 1 0
github.com/rescp17/lanFileSharer/pkg/multiFilePicker/multi-file-picker.go:278.3,279.43 2 0
github.com/rescp17/lanFileSharer/pkg/multiFilePicker/multi-file-picker.go:279.43,281.21 2 0
github.com/rescp17/lanFileSharer/pkg/multiFilePicker/multi-file-picker.go:281.21,283.5 1 0
github.com/rescp17/lanFileSharer/pkg/multiFilePicker/multi-file-picker.go:284.4,284.24 1 0
github.com/rescp17/lanFileSharer/pkg/multiFilePicker/multi-file-picker.go:287.3,287.40 1 0
github.com/rescp17/lanFileSharer/pkg/multiFilePicker/multi-file-picker.go:287.40,289.4 1 0
github.com/rescp17/lanFileSharer/pkg/multiFilePicker/multi-file-picker.go:291.37,295.19 3 0
github.com/rescp17/lanFileSharer/pkg/multiFilePicker/multi-file-picker.go:295.19,297.4 1 0
github.com/rescp17/lanFileSharer/pkg/multiFilePicker/multi-file-picker.go:299.3,300.19 2 0
github.com/rescp17/lanFileSharer/pkg/multiFilePicker/multi-file-picker.go:300.19,302.4 1 0
github.com/rescp17/lanFileSharer/pkg/multiFilePicker/multi-file-picker.go:304.3,304.26 1 0
github.com/rescp17/lanFileSharer/pkg/multiFilePicker/multi-file-picker.go:304.26,306.4 1 0
github.com/rescp17/lanFileSharer/pkg/multiFilePicker/multi-file-picker.go:308.45,309.30 1 4
github.com/rescp17/lanFileSharer/pkg/multiFilePicker/multi-file-picker.go:309.30,311.42 2 4
github.com/rescp17/lanFileSharer/pkg/multiFilePicker/multi-file-picker.go:311.42,313.5 1 1
github.com/rescp17/lanFileSharer/pkg/multiFilePicker/multi-file-picker.go:313.10,315.5 1 3
github.com/rescp17/lanFileSharer/pkg/multiFilePicker/multi-file-picker.go:318.40,320.26 1 1
github.com/rescp17/lanFileSharer/pkg/multiFilePicker/multi-file-picker.go:320.26,322.29 2 1
github.com/rescp17/lanFileSharer/pkg/multiFilePicker/multi-file-picker.go:322.29,324.5 1 1
github.com/rescp17/lanFileSharer/pkg/multiFilePicker/multi-file-picker.go:328.3,328.30 1 0
github.com/rescp17/lanFileSharer/pkg/multiFilePicker/multi-file-picker.go:328.30,330.18 2 0
github.com/rescp17/lanFileSharer/pkg/multiFilePicker/multi-file-picker.go:330.18,332.19 2 0
github.com/rescp17/lanFileSharer/pkg/multiFilePicker/multi-file-picker.go:332.19,335.6 1 0
github.com/rescp17/lanFileSharer/pkg/multiFilePicker/multi-file-picker.go:337.5,343.18 7 0
github.com/rescp17/lanFileSharer/pkg/multiFilePicker/multi-file-picker.go:347.2,347.15 1 11
github.com/rescp17/lanFileSharer/pkg/multiFilePicker/multi-file-picker.go:350.66,353.38 2 0
github.com/rescp17/lanFileSharer/pkg/multiFilePicker/multi-file-picker.go:353.38,358.17 3 0
github.com/rescp17/lanFileSharer/pkg/multiFilePicker/multi-file-picker.go:358.17,361.4 1 0
github.com/rescp17/lanFileSharer/pkg/multiFilePicker/multi-file-picker.go:364.3,365.28 2 0
github.com/rescp17/lanFileSharer/pkg/multiFilePicker/multi-file-picker.go:365.28,367.4 1 0
github.com/rescp17/lanFileSharer/pkg/multiFilePicker/multi-file-picker.go:368.3,378.16 10 0
github.com/rescp17/lanFileSharer/pkg/multiFilePicker/multi-file-picker.go:381.2,382.15 2 0
github.com/rescp17/lanFileSharer/pkg/multiFilePicker/multi-file-picker.go:386.30,392.23 4 0
github.com/rescp17/lanFileSharer/pkg/multiFilePicker/multi-file-picker.go:392.23,394.3 1 0
github.com/rescp17/lanFileSharer/pkg/multiFilePicker/multi-file-picker.go:395.2,397.18 2 0
github.com/rescp17/lanFileSharer/pkg/multiFilePicker/multi-file-picker.go:397.18,399.3 1 0
github.com/rescp17/lanFileSharer/pkg/multiFilePicker/multi-file-picker.go:401.2,401.18 1 0
github.com/rescp17/lanFileSharer/pkg/multiFilePicker/multi-file-picker.go:401.18,403.3 1 0
github.com/rescp17/lanFileSharer/pkg/multiFilePicker/multi-file-picker.go:406.2,425.24 10 0
github.com/rescp17/lanFileSharer/pkg/multiFilePicker/multi-file-picker.go:425.24,427.3 1 0
github.com/rescp17/lanFileSharer/pkg/multiFilePicker/multi-file-picker.go:430.2,430.15 1 0
github.com/rescp17/lanFileSharer/pkg/multiFilePicker/multi-file-picker.go:430.15,432.3 1 0
github.com/rescp17/lanFileSharer/pkg/multiFilePicker/multi-file-picker.go:434.2,435.26 2 0
github.com/rescp17/lanFileSharer/pkg/multiFilePicker/multi-file-picker.go:435.26,437.3 1 0
github.com/rescp17/lanFileSharer/pkg/multiFilePicker/multi-file-picker.go:437.8,437.30 1 0
github.com/rescp17/lanFileSharer/pkg/multiFilePicker/multi-file-picker.go:437.30,439.3 1 0
github.com/rescp17/lanFileSharer/pkg/multiFilePicker/multi-file-picker.go:441.2,441.29 1 0
github.com/rescp17/lanFileSharer/pkg/multiFilePicker/multi-file-picker.go:441.29,443.30 2 0
github.com/rescp17/lanFileSharer/pkg/multiFilePicker/multi-file-picker.go:443.30,445.4 1 0
github.com/rescp17/lanFileSharer/pkg/multiFilePicker/multi-file-picker.go:445.9,447.4 1 0
github.com/rescp17/lanFileSharer/pkg/multiFilePicker/multi-file-picker.go:449.3,449.41 1 0
github.com/rescp17/lanFileSharer/pkg/multiFilePicker/multi-file-picker.go:449.41,451.4 1 0
github.com/rescp17/lanFileSharer/pkg/multiFilePicker/multi-file-picker.go:451.9,453.4 1 0
github.com/rescp17/lanFileSharer/pkg/multiFilePicker/multi-file-picker.go:455.3,456.17 2 0
github.com/rescp17/lanFileSharer/pkg/multiFilePicker/multi-file-picker.go:456.17,458.4 1 0
github.com/rescp17/lanFileSharer/pkg/multiFilePicker/multi-file-picker.go:461.3,466.17 5 0
github.com/rescp17/lanFileSharer/pkg/multiFilePicker/multi-file-picker.go:466.17,468.4 1 0
github.com/rescp17/lanFileSharer/pkg/multiFilePicker/multi-file-picker.go:470.3,473.22 1 0
github.com/rescp17/lanFileSharer/pkg/multiFilePicker/multi-file-picker.go:477.2,477.33 1 0
github.com/rescp17/lanFileSharer/pkg/multiFilePicker/multi-file-picker.go:477.33,479.3 1 0
github.com/rescp17/lanFileSharer/pkg/multiFilePicker/multi-file-picker.go:481.2,481.19 1 0
github.com/rescp17/lanFileSharer/pkg/multiFilePicker/multi-file-picker.go:484.34,489.2 1 0
github.com/rescp17/lanFileSharer/pkg/multiFilePicker/multi-file-picker.go:491.78,493.30 2 1
github.com/rescp17/lanFileSharer/pkg/multiFilePicker/multi-file-picker.go:493.30,495.17 2 2
github.com/rescp17/lanFileSharer/pkg/multiFilePicker/multi-file-picker.go:495.17,497.12 2 0
github.com/rescp17/lanFileSharer/pkg/multiFilePicker/multi-file-picker.go:499.3,499.30 1 2
github.com/rescp17/lanFileSharer/pkg/multiFilePicker/multi-file-picker.go:501.2,501.14 1 1
github.com/rescp17/lanFileSharer/pkg/multiFilePicker/multi-file-picker.go:504.44,506.16 2 3
github.com/rescp17/lanFileSharer/pkg/multiFilePicker/multi-file-picker.go:506.16,508.3 1 0
github.com/rescp17/lanFileSharer/pkg/multiFilePicker/multi-file-picker.go:510.2,511.16 2 3
github.com/rescp17/lanFileSharer/pkg/multiFilePicker/multi-file-picker.go:511.16,513.3 1 0
github.com/rescp17/lanFileSharer/pkg/multiFilePicker/multi-file-picker.go:515.2,522.12 8 3
github.com/rescp17/lanFileSharer/pkg/multiFilePicker/multi-file-picker.go:525.36,527.23 2 3
github.com/rescp17/lanFileSharer/pkg/multiFilePicker/multi-file-picker.go:527.23,529.3 1 0
github.com/rescp17/lanFileSharer/pkg/multiFilePicker/multi-file-picker.go:531.2,532.17 2 3
github.com/rescp17/lanFileSharer/pkg/multiFilePicker/multi-file-picker.go:532.17,535.3 1 3
github.com/rescp17/lanFileSharer/pkg/multiFilePicker/multi-file-picker.go:536.2,536.16 1 3
github.com/rescp17/lanFileSharer/pkg/receiver/app.go:49.47,60.37 8 0
github.com/rescp17/lanFileSharer/pkg/receiver/app.go:60.37,61.17 1 0
github.com/rescp17/lanFileSharer/pkg/receiver/app.go:61.17,63.4 1 0
github.com/rescp17/lanFileSharer/pkg/receiver/app.go:63.9,63.21 1 0
github.com/rescp17/lanFileSharer/pkg/receiver/app.go:63.21,65.4 1 0
github.com/rescp17/lanFileSharer/pkg/receiver/app.go:65.9,65.20 1 0
github.com/rescp17/lanFileSharer/pkg/receiver/app.go:65.20,67.4 1 0
github.com/rescp17/lanFileSharer/pkg/receiver/app.go:70.3,71.17 2 0
github.com/rescp17/lanFileSharer/pkg/receiver/app.go:71.17,74.4 2 0
github.com/rescp17/lanFileSharer/pkg/receiver/app.go:75.3,75.76 1 0
github.com/rescp17/lanFileSharer/pkg/receiver/app.go:76.8,79.3 2 0
github.com/rescp17/lanFileSharer/pkg/receiver/app.go:81.2,92.3 1 0
github.com/rescp17/lanFileSharer/pkg/receiver/app.go:96.69,98.2 1 0
github.com/rescp17/lanFileSharer/pkg/receiver/app.go:100.79,104.25 3 0
github.com/rescp17/lanFileSharer/pkg/receiver/app.go:104.25,105.72 1 0
github.com/rescp17/lanFileSharer/pkg/receiver/app.go:105.72,107.4 1 0
github.com/rescp17/lanFileSharer/pkg/receiver/app.go:108.8,115.3 2 0
github.com/rescp17/lanFileSharer/pkg/receiver/app.go:116.2,116.12 1 0
github.com/rescp17/lanFileSharer/pkg/receiver/app.go:120.46,126.6 5 0
github.com/rescp17/lanFileSharer/pkg/receiver/app.go:126.6,127.10 1 0
github.com/rescp17/lanFileSharer/pkg/receiver/app.go:128.21,129.14 1 0
github.com/rescp17/lanFileSharer/pkg/receiver/app.go:130.27,131.60 1 0
github.com/rescp17/lanFileSharer/pkg/receiver/app.go:132.46,133.62 1 0
github.com/rescp17/lanFileSharer/pkg/receiver/app.go:133.62,135.5 1 0
github.com/rescp17/lanFileSharer/pkg/receiver/app.go:136.31,137.24 1 0
github.com/rescp17/lanFileSharer/pkg/receiver/app.go:138.38,139.15 1 0
github.com/rescp17/lanFileSharer/pkg/receiver/app.go:139.15,140.45 1 0
github.com/rescp17/lanFileSharer/pkg/receiver/app.go:140.45,142.7 1 0
github.com/rescp17/lanFileSharer/pkg/receiver/app.go:142.21,150.7 1 0
github.com/rescp17/lanFileSharer/pkg/receiver/app.go:152.38,154.68 2 0
github.com/rescp17/lanFileSharer/pkg/receiver/app.go:154.68,156.6 1 0
github.com/rescp17/lanFileSharer/pkg/receiver/app.go:157.5,157.13 1 0
github.com/rescp17/lanFileSharer/pkg/receiver/app.go:158.12,159.62 1 0
github.com/rescp17/lanFileSharer/pkg/receiver/app.go:166.62,169.2 2 0
github.com/rescp17/lanFileSharer/pkg/receiver/app.go:172.66,177.65 4 0
github.com/rescp17/lanFileSharer/pkg/receiver/app.go:177.65,180.3 2 0
github.com/rescp17/lanFileSharer/pkg/receiver/app.go:183.2,185.16 3 0
github.com/rescp17/lanFileSharer/pkg/receiver/app.go:185.16,188.3 1 0
github.com/rescp17/lanFileSharer/pkg/receiver/app.go:188.8,188.31 1 0
github.com/rescp17/lanFileSharer/pkg/receiver/app.go:188.31,191.3 2 0
github.com/rescp17/lanFileSharer/pkg/receiver/app.go:193.2,196.16 3 0
github.com/rescp17/lanFileSharer/pkg/receiver/app.go:196.16,199.3 2 0
github.com/rescp17/lanFileSharer/pkg/receiver/app.go:201.2,202.16 2 0
github.com/rescp17/lanFileSharer/pkg/receiver/app.go:202.16,205.3 2 0
github.com/rescp17/lanFileSharer/pkg/receiver/app.go:207.2,207.85 1 0
github.com/rescp17/lanFileSharer/pkg/receiver/app.go:207.85,209.144 2 0
github.com/rescp17/lanFileSharer/pkg/receiver/app.go:209.144,214.4 2 0
github.com/rescp17/lanFileSharer/pkg/receiver/app.go:217.2,217.74 1 0
github.com/rescp17/lanFileSharer/pkg/receiver/app.go:217.74,218.23 1 0
github.com/rescp17/lanFileSharer/pkg/receiver/app.go:218.23,222.4 3 0
github.com/rescp17/lanFileSharer/pkg/receiver/app.go:223.3,224.73 2 0
github.com/rescp17/lanFileSharer/pkg/receiver/app.go:224.73,226.4 1 0
github.com/rescp17/lanFileSharer/pkg/receiver/app.go:230.2,230.65 1 0
github.com/rescp17/lanFileSharer/pkg/receiver/app.go:230.65,233.20 2 0
github.com/rescp17/lanFileSharer/pkg/receiver/app.go:233.20,236.4 2 0
github.com/rescp17/lanFileSharer/pkg/receiver/app.go:238.3,238.52 1 0
github.com/rescp17/lanFileSharer/pkg/receiver/app.go:238.52,239.54 1 0
github.com/rescp17/lanFileSharer/pkg/receiver/app.go:239.54,242.5 2 0
github.com/rescp17/lanFileSharer/pkg/receiver/app.go:245.3,245.30 1 0
github.com/rescp17/lanFileSharer/pkg/receiver/app.go:245.30,248.4 2 0
github.com/rescp17/lanFileSharer/pkg/receiver/app.go:250.3,250.21 1 0
github.com/rescp17/lanFileSharer/pkg/receiver/app.go:250.21,253.4 2 0
github.com/rescp17/lanFileSharer/pkg/receiver/app.go:256.2,257.16 2 0
github.com/rescp17/lanFileSharer/pkg/receiver/app.go:257.16,260.3 2 0
github.com/rescp17/lanFileSharer/pkg/receiver/app.go:262.2,263.15 2 0
github.com/rescp17/lanFileSharer/pkg/receiver/app.go:263.15,264.15 1 0
github.com/rescp17/lanFileSharer/pkg/receiver/app.go:264.15,266.47 2 0
github.com/rescp17/lanFileSharer/pkg/receiver/app.go:266.47,268.5 1 0
github.com/rescp17/lanFileSharer/pkg/receiver/app.go:272.2,272.35 1 0
github.com/rescp17/lanFileSharer/pkg/receiver/app.go:272.35,275.3 2 0
github.com/rescp17/lanFileSharer/pkg/receiver/app.go:276.2,277.58 2 0
github.com/rescp17/lanFileSharer/pkg/receiver/app.go:277.58,280.3 2 0
github.com/rescp17/lanFileSharer/pkg/receiver/app.go:281.2,283.12 3 0
github.com/rescp17/lanFileSharer/pkg/receiver/app.go:286.43,288.2 1 0
github.com/rescp17/lanFileSharer/pkg/receiver/app.go:290.53,292.2 1 0
github.com/rescp17/lanFileSharer/pkg/receiver/app.go:294.91,296.16 2 0
github.com/rescp17/lanFileSharer/pkg/receiver/app.go:296.16,299.3 2 0
github.com/rescp17/lanFileSharer/pkg/receiver/app.go:300.2,310.12 3 0
github.com/rescp17/lanFileSharer/pkg/receiver/app.go:310.12,312.17 2 0
github.com/rescp17/lanFileSharer/pkg/receiver/app.go:312.17,315.4 2 0
github.com/rescp17/lanFileSharer/pkg/receiver/app.go:319.58,325.12 2 0
github.com/rescp17/lanFileSharer/pkg/receiver/app.go:325.12,326.80 1 0
github.com/rescp17/lanFileSharer/pkg/receiver/app.go:326.80,328.4 1 0
github.com/rescp17/lanFileSharer/pkg/receiver/app.go:331.2,331.12 1 0
github.com/rescp17/lanFileSharer/pkg/receiver/app.go:331.12,335.54 4 0
github.com/rescp17/lanFileSharer/pkg/receiver/app.go:335.54,337.4 1 0
github.com/rescp17/lanFileSharer/pkg/receiver/app.go:341.90,345.57 3 0
github.com/rescp17/lanFileSharer/pkg/receiver/app.go:345.57,347.46 2 0
github.com/rescp17/lanFileSharer/pkg/receiver/app.go:347.46,349.4 1 0
github.com/rescp17/lanFileSharer/pkg/receiver/app.go:350.3,350.21 1 0
github.com/rescp17/lanFileSharer/pkg/receiver/app.go:354.64,359.20 5 0
github.com/rescp17/lanFileSharer/pkg/receiver/app.go:359.20,361.41 2 0
github.com/rescp17/lanFileSharer/pkg/receiver/app.go:361.41,363.4 1 0
github.com/rescp17/lanFileSharer/pkg/receiver/app.go:368.50,373.27 3 0
github.com/rescp17/lanFileSharer/pkg/receiver/app.go:373.27,377.92 2 0
github.com/rescp17/lanFileSharer/pkg/receiver/app.go:377.92,379.4 1 0
github.com/rescp17/lanFileSharer/pkg/receiver/app.go:382.2,382.42 1 0
github.com/rescp17/lanFileSharer/pkg/receiver/file_receiver.go:62.81,69.2 1 7
github.com/rescp17/lanFileSharer/pkg/receiver/file_receiver.go:72.53,77.2 4 0
github.com/rescp17/lanFileSharer/pkg/receiver/file_receiver.go:80.57,83.16 2 15
github.com/rescp17/lanFileSharer/pkg/receiver/file_receiver.go:83.16,85.3 1 0
github.com/rescp17/lanFileSharer/pkg/receiver/file_receiver.go:87.2,92.13 4 15
github.com/rescp17/lanFileSharer/pkg/receiver/file_receiver.go:92.13,98.67 3 10
github.com/rescp17/lanFileSharer/pkg/receiver/file_receiver.go:98.67,100.4 1 0
github.com/rescp17/lanFileSharer/pkg/receiver/file_receiver.go:103.3,115.17 3 10
github.com/rescp17/lanFileSharer/pkg/receiver/file_receiver.go:115.17,118.4 2 0
github.com/rescp17/lanFileSharer/pkg/receiver/file_receiver.go:119.3,123.27 4 10
github.com/rescp17/lanFileSharer/pkg/receiver/file_receiver.go:123.27,125.4 1 10
github.com/rescp17/lanFileSharer/pkg/receiver/file_receiver.go:129.2,129.71 1 15
github.com/rescp17/lanFileSharer/pkg/receiver/file_receiver.go:129.71,131.3 1 0
github.com/rescp17/lanFileSharer/pkg/receiver/file_receiver.go:134.2,134.59 1 15
github.com/rescp17/lanFileSharer/pkg/receiver/file_receiver.go:134.59,135.56 1 10
github.com/rescp17/lanFileSharer/pkg/receiver/file_receiver.go:135.56,137.4 1 2
github.com/rescp17/lanFileSharer/pkg/receiver/file_receiver.go:138.3,146.91 4 8
github.com/rescp17/lanFileSharer/pkg/receiver/file_receiver.go:146.91,149.28 3 0
github.com/rescp17/lanFileSharer/pkg/receiver/file_receiver.go:149.28,151.5 1 0
github.com/rescp17/lanFileSharer/pkg/receiver/file_receiver.go:155.2,155.12 1 13
github.com/rescp17/lanFileSharer/pkg/receiver/file_receiver.go:159.113,165.55 3 15
github.com/rescp17/lanFileSharer/pkg/receiver/file_receiver.go:165.55,168.3 2 0
github.com/rescp17/lanFileSharer/pkg/receiver/file_receiver.go:171.2,171.82 1 15
github.com/rescp17/lanFileSharer/pkg/receiver/file_receiver.go:171.82,173.3 1 0
github.com/rescp17/lanFileSharer/pkg/receiver/file_receiver.go:176.2,177.16 2 15
github.com/rescp17/lanFileSharer/pkg/receiver/file_receiver.go:177.16,179.3 1 0
github.com/rescp17/lanFileSharer/pkg/receiver/file_receiver.go:182.2,182.40 1 15
github.com/rescp17/lanFileSharer/pkg/receiver/file_receiver.go:182.40,184.3 1 0
github.com/rescp17/lanFileSharer/pkg/receiver/file_receiver.go:187.2,187.50 1 15
github.com/rescp17/lanFileSharer/pkg/receiver/file_receiver.go:187.50,189.3 1 0
github.com/rescp17/lanFileSharer/pkg/receiver/file_receiver.go:192.2,202.12 4 15
github.com/rescp17/lanFileSharer/pkg/receiver/file_receiver.go:206.74,208.51 1 10
github.com/rescp17/lanFileSharer/pkg/receiver/file_receiver.go:208.51,211.3 2 0
github.com/rescp17/lanFileSharer/pkg/receiver/file_receiver.go:214.2,214.38 1 10
github.com/rescp17/lanFileSharer/pkg/receiver/file_receiver.go:214.38,218.27 3 9
github.com/rescp17/lanFileSharer/pkg/receiver/file_receiver.go:218.27,220.4 1 9
github.com/rescp17/lanFileSharer/pkg/receiver/file_receiver.go:222.3,222.63 1 9
github.com/rescp17/lanFileSharer/pkg/receiver/file_receiver.go:222.63,227.79 3 2
github.com/rescp17/lanFileSharer/pkg/receiver/file_receiver.go:227.79,229.5 1 0
github.com/rescp17/lanFileSharer/pkg/receiver/file_receiver.go:231.4,232.28 2 2
github.com/rescp17/lanFileSharer/pkg/receiver/file_receiver.go:232.28,234.5 1 2
github.com/rescp17/lanFileSharer/pkg/receiver/file_receiver.go:236.4,236.99 1 2
github.com/rescp17/lanFileSharer/pkg/receiver/file_receiver.go:239.3,240.27 2 7
github.com/rescp17/lanFileSharer/pkg/receiver/file_receiver.go:240.27,242.4 1 7
github.com/rescp17/lanFileSharer/pkg/receiver/file_receiver.go:246.2,249.26 3 8
github.com/rescp17/lanFileSharer/pkg/receiver/file_receiver.go:249.26,251.3 1 8
github.com/rescp17/lanFileSharer/pkg/receiver/file_receiver.go:253.2,253.12 1 8
github.com/rescp17/lanFileSharer/pkg/receiver/file_receiver.go:257.81,265.16 3 12
github.com/rescp17/lanFileSharer/pkg/receiver/file_receiver.go:265.16,267.3 1 1
github.com/rescp17/lanFileSharer/pkg/receiver/file_receiver.go:269.2,269.14 1 11
github.com/rescp17/lanFileSharer/pkg/receiver/file_receiver.go:269.14,271.3 1 3
github.com/rescp17/lanFileSharer/pkg/receiver/file_receiver.go:273.2,273.12 1 8
github.com/rescp17/lanFileSharer/pkg/receiver/file_receiver.go:277.82,278.36 1 5
github.com/rescp17/lanFileSharer/pkg/receiver/file_receiver.go:278.36,280.3 1 1
github.com/rescp17/lanFileSharer/pkg/receiver/file_receiver.go:282.2,284.60 2 4
github.com/rescp17/lanFileSharer/pkg/receiver/file_receiver.go:284.60,285.26 1 1
github.com/rescp17/lanFileSharer/pkg/receiver/file_receiver.go:285.26,287.4 1 0
github.com/rescp17/lanFileSharer/pkg/receiver/file_receiver.go:290.2,290.12 1 4
github.com/rescp17/lanFileSharer/pkg/crypto/signature.go:49.61,51.16 2 15
github.com/rescp17/lanFileSharer/pkg/crypto/signature.go:51.16,53.3 1 0
github.com/rescp17/lanFileSharer/pkg/crypto/signature.go:55.2,57.8 1 15
github.com/rescp17/lanFileSharer/pkg/crypto/signature.go:61.53,63.2 1 1
github.com/rescp17/lanFileSharer/pkg/crypto/signature.go:66.61,68.2 1 1
github.com/rescp17/lanFileSharer/pkg/crypto/signature.go:71.63,73.2 1 1
github.com/rescp17/lanFileSharer/pkg/crypto/signature.go:76.67,78.2 1 2
github.com/rescp17/lanFileSharer/pkg/crypto/signature.go:81.68,83.2 1 1
github.com/rescp17/lanFileSharer/pkg/crypto/signature.go:86.79,90.2 1 1
github.com/rescp17/lanFileSharer/pkg/crypto/signature.go:93.122,94.16 1 12
github.com/rescp17/lanFileSharer/pkg/crypto/signature.go:94.16,96.3 1 1
github.com/rescp17/lanFileSharer/pkg/crypto/signature.go:99.2,100.41 2 11
github.com/rescp17/lanFileSharer/pkg/crypto/signature.go:100.41,101.18 1 112
github.com/rescp17/lanFileSharer/pkg/crypto/signature.go:101.18,103.4 1 112
github.com/rescp17/lanFileSharer/pkg/crypto/signature.go:106.2,107.39 2 11
github.com/rescp17/lanFileSharer/pkg/crypto/signature.go:107.39,108.17 1 4
github.com/rescp17/lanFileSharer/pkg/crypto/signature.go:108.17,110.4 1 4
github.com/rescp17/lanFileSharer/pkg/crypto/signature.go:113.2,114.37 2 11
github.com/rescp17/lanFileSharer/pkg/crypto/signature.go:114.37,115.18 1 109
github.com/rescp17/lanFileSharer/pkg/crypto/signature.go:115.18,117.4 1 109
github.com/rescp17/lanFileSharer/pkg/crypto/signature.go:120.2,151.16 4 11
github.com/rescp17/lanFileSharer/pkg/crypto/signature.go:151.16,153.3 1 0
github.com/rescp17/lanFileSharer/pkg/crypto/signature.go:155.2,157.16 3 11
github.com/rescp17/lanFileSharer/pkg/crypto/signature.go:157.16,159.3 1 0
github.com/rescp17/lanFileSharer/pkg/crypto/signature.go:161.2,162.16 2 11
github.com/rescp17/lanFileSharer/pkg/crypto/signature.go:162.16,164.3 1 0
github.com/rescp17/lanFileSharer/pkg/crypto/signature.go:167.2,183.8 2 11
github.com/rescp17/lanFileSharer/pkg/crypto/signature.go:187.109,189.16 2 3
github.com/rescp17/lanFileSharer/pkg/crypto/signature.go:189.16,191.3 1 0
github.com/rescp17/lanFileSharer/pkg/crypto/signature.go:193.2,193.45 1 3
github.com/rescp17/lanFileSharer/pkg/crypto/signature.go:197.70,198.28 1 17
github.com/rescp17/lanFileSharer/pkg/crypto/signature.go:198.28,200.3 1 0
github.com/rescp17/lanFileSharer/pkg/crypto/signature.go:203.2,204.16 2 17
github.com/rescp17/lanFileSharer/pkg/crypto/signature.go:204.16,206.3 1 3
github.com/rescp17/lanFileSharer/pkg/crypto/signature.go:208.2,209.9 2 14
github.com/rescp17/lanFileSharer/pkg/crypto/signature.go:209.9,211.3 1 0
github.com/rescp17/lanFileSharer/pkg/crypto/signature.go:214.2,235.28 1 14
github.com/rescp17/lanFileSharer/pkg/crypto/signature.go:235.28,237.48 2 14
github.com/rescp17/lanFileSharer/pkg/crypto/signature.go:237.48,239.6 1 122
github.com/rescp17/lanFileSharer/pkg/crypto/signature.go:240.5,240.17 1 14
github.com/rescp17/lanFileSharer/pkg/crypto/signature.go:243.27,244.39 1 14
github.com/rescp17/lanFileSharer/pkg/crypto/signature.go:244.39,246.5 1 14
github.com/rescp17/lanFileSharer/pkg/crypto/signature.go:247.4,247.12 1 0
github.com/rescp17/lanFileSharer/pkg/crypto/signature.go:252.2,253.16 2 14
github.com/rescp17/lanFileSharer/pkg/crypto/signature.go:253.16,255.3 1 0
github.com/rescp17/lanFileSharer/pkg/crypto/signature.go:257.2,259.16 3 14
github.com/rescp17/lanFileSharer/pkg/crypto/signature.go:259.16,261.3 1 5
github.com/rescp17/lanFileSharer/pkg/crypto/signature.go:263.2,263.12 1 9
github.com/rescp17/lanFileSharer/pkg/crypto/signature.go:267.82,268.25 1 4
github.com/rescp17/lanFileSharer/pkg/crypto/signature.go:268.25,270.3 1 0
github.com/rescp17/lanFileSharer/pkg/crypto/signature.go:273.2,275.33 2 4
github.com/rescp17/lanFileSharer/pkg/crypto/signature.go:275.33,277.17 2 6
github.com/rescp17/lanFileSharer/pkg/crypto/signature.go:277.17,279.4 1 1
github.com/rescp17/lanFileSharer/pkg/crypto/signature.go:283.2,283.50 1 3
github.com/rescp17/lanFileSharer/pkg/crypto/utils.go:18.53,19.20 1 40
github.com/rescp17/lanFileSharer/pkg/crypto/utils.go:19.20,21.3 1 6
github.com/rescp17/lanFileSharer/pkg/crypto/utils.go:23.2,24.16 2 34
github.com/rescp17/lanFileSharer/pkg/crypto/utils.go:24.16,26.3 1 0
github.com/rescp17/lanFileSharer/pkg/crypto/utils.go:28.2,31.8 1 34
github.com/rescp17/lanFileSharer/pkg/crypto/utils.go:35.66,42.2 3 1
github.com/rescp17/lanFileSharer/pkg/crypto/utils.go:45.63,47.16 2 1
github.com/rescp17/lanFileSharer/pkg/crypto/utils.go:47.16,49.3 1 0
github.com/rescp17/lanFileSharer/pkg/crypto/utils.go:51.2,55.26 2 1
github.com/rescp17/lanFileSharer/pkg/crypto/utils.go:59.65,61.18 2 6
github.com/rescp17/lanFileSharer/pkg/crypto/utils.go:61.18,63.3 1 4
github.com/rescp17/lanFileSharer/pkg/crypto/utils.go:65.2,65.37 1 2
github.com/rescp17/lanFileSharer/pkg/crypto/utils.go:65.37,67.3 1 1
github.com/rescp17/lanFileSharer/pkg/crypto/utils.go:69.2,70.16 2 1
github.com/rescp17/lanFileSharer/pkg/crypto/utils.go:70.16,72.3 1 0
github.com/rescp17/lanFileSharer/pkg/crypto/utils.go:74.2,74.24 1 1
github.com/rescp17/lanFileSharer/pkg/crypto/utils.go:78.63,80.18 2 6
github.com/rescp17/lanFileSharer/pkg/crypto/utils.go:80.18,82.3 1 4
github.com/rescp17/lanFileSharer/pkg/crypto/utils.go:84.2,84.32 1 2
github.com/rescp17/lanFileSharer/pkg/crypto/utils.go:84.32,86.3 1 1
github.com/rescp17/lanFileSharer/pkg/crypto/utils.go:88.2,89.16 2 1
github.com/rescp17/lanFileSharer/pkg/crypto/utils.go:89.16,91.3 1 0
github.com/rescp17/lanFileSharer/pkg/crypto/utils.go:93.2,94.9 2 1
github.com/rescp17/lanFileSharer/pkg/crypto/utils.go:94.9,96.3 1 0
github.com/rescp17/lanFileSharer/pkg/crypto/utils.go:98.2,98.23 1 1
github.com/rescp17/lanFileSharer/pkg/crypto/utils.go:102.82,104.40 1 4
github.com/rescp17/lanFileSharer/pkg/crypto/utils.go:104.40,106.3 1 2
github.com/rescp17/lanFileSharer/pkg/crypto/utils.go:108.2,108.33 1 2
github.com/rescp17/lanFileSharer/pkg/crypto/utils.go:108.33,110.3 1 1
github.com/rescp17/lanFileSharer/pkg/crypto/utils.go:112.2,112.12 1 1
github.com/rescp17/lanFileSharer/pkg/crypto/utils.go:116.56,117.22 1 10
github.com/rescp17/lanFileSharer/pkg/crypto/utils.go:117.22,119.3 1 1
github.com/rescp17/lanFileSharer/pkg/crypto/utils.go:121.2,121.24 1 9
github.com/rescp17/lanFileSharer/pkg/crypto/utils.go:121.24,123.3 1 1
github.com/rescp17/lanFileSharer/pkg/crypto/utils.go:126.2,126.33 1 8
github.com/rescp17/lanFileSharer/pkg/crypto/utils.go:126.33,128.3 1 0
github.com/rescp17/lanFileSharer/pkg/crypto/utils.go:131.2,131.46 1 8
github.com/rescp17/lanFileSharer/pkg/crypto/utils.go:131.46,133.3 1 1
github.com/rescp17/lanFileSharer/pkg/crypto/utils.go:135.2,135.12 1 7
github.com/rescp17/lanFileSharer/pkg/crypto/utils.go:139.59,140.23 1 5
github.com/rescp17/lanFileSharer/pkg/crypto/utils.go:140.23,142.3 1 1
github.com/rescp17/lanFileSharer/pkg/crypto/utils.go:145.2,145.65 1 4
github.com/rescp17/lanFileSharer/pkg/crypto/utils.go:145.65,147.3 1 0
github.com/rescp17/lanFileSharer/pkg/crypto/utils.go:150.2,150.25 1 4
github.com/rescp17/lanFileSharer/pkg/crypto/utils.go:150.25,152.3 1 2
github.com/rescp17/lanFileSharer/pkg/crypto/utils.go:154.2,154.32 1 2
github.com/rescp17/lanFileSharer/pkg/crypto/utils.go:154.32,156.3 1 1
github.com/rescp17/lanFileSharer/pkg/crypto/utils.go:159.2,160.16 2 1
github.com/rescp17/lanFileSharer/pkg/crypto/utils.go:160.16,162.3 1 0
github.com/rescp17/lanFileSharer/pkg/crypto/utils.go:164.2,164.12 1 1
github.com/rescp17/lanFileSharer/pkg/crypto/utils.go:168.43,169.22 1 4
github.com/rescp17/lanFileSharer/pkg/crypto/utils.go:169.22,171.3 1 1
github.com/rescp17/lanFileSharer/pkg/crypto/utils.go:173.2,174.30 2 3
github.com/rescp17/lanFileSharer/pkg/crypto/utils.go:174.30,176.3 1 22
github.com/rescp17/lanFileSharer/pkg/crypto/utils.go:178.2,178.20 1 3
github.com/rescp17/lanFileSharer/pkg/sender/app.go:45.45,58.2 3 2
github.com/rescp17/lanFileSharer/pkg/sender/app.go:61.43,63.2 1 0
github.com/rescp17/lanFileSharer/pkg/sender/app.go:66.53,68.2 1 0
github.com/rescp17/lanFileSharer/pkg/sender/app.go:72.106,77.29 2 2
github.com/rescp17/lanFileSharer/pkg/sender/app.go:77.29,78.58 1 0
github.com/rescp17/lanFileSharer/pkg/sender/app.go:78.58,80.4 1 0
github.com/rescp17/lanFileSharer/pkg/sender/app.go:83.2,88.27 2 2
github.com/rescp17/lanFileSharer/pkg/sender/app.go:95.46,98.20 2 1
github.com/rescp17/lanFileSharer/pkg/sender/app.go:98.20,100.3 1 1
github.com/rescp17/lanFileSharer/pkg/sender/app.go:102.2,102.20 1 1
github.com/rescp17/lanFileSharer/pkg/sender/app.go:102.20,103.7 1 1
github.com/rescp17/lanFileSharer/pkg/sender/app.go:103.7,104.11 1 1
github.com/rescp17/lanFileSharer/pkg/sender/app.go:105.22,108.15 2 1
github.com/rescp17/lanFileSharer/pkg/sender/app.go:109.36,110.12 1 0
github.com/rescp17/lanFileSharer/pkg/sender/app.go:110.12,113.6 2 0
github.com/rescp17/lanFileSharer/pkg/sender/app.go:114.5,114.30 1 0
github.com/rescp17/lanFileSharer/pkg/sender/app.go:115.30,117.50 1 0
github.com/rescp17/lanFileSharer/pkg/sender/app.go:118.34,119.29 1 0
github.com/rescp17/lanFileSharer/pkg/sender/app.go:120.35,121.30 1 0
github.com/rescp17/lanFileSharer/pkg/sender/app.go:122.35,123.30 1 0
github.com/rescp17/lanFileSharer/pkg/sender/app.go:128.2,128.17 1 1
github.com/rescp17/lanFileSharer/pkg/sender/app.go:132.55,136.6 2 1
github.com/rescp17/lanFileSharer/pkg/sender/app.go:136.6,137.10 1 1
github.com/rescp17/lanFileSharer/pkg/sender/app.go:138.21,139.20 1 1
github.com/rescp17/lanFileSharer/pkg/sender/app.go:140.32,141.27 1 0
github.com/rescp17/lanFileSharer/pkg/sender/app.go:141.27,144.5 2 0
github.com/rescp17/lanFileSharer/pkg/sender/app.go:146.4,146.70 1 0
github.com/rescp17/lanFileSharer/pkg/sender/app.go:152.62,155.2 2 2
github.com/rescp17/lanFileSharer/pkg/sender/app.go:158.112,159.46 1 2
github.com/rescp17/lanFileSharer/pkg/sender/app.go:159.46,162.17 2 2
github.com/rescp17/lanFileSharer/pkg/sender/app.go:162.17,164.4 1 0
github.com/rescp17/lanFileSharer/pkg/sender/app.go:168.3,179.17 8 2
github.com/rescp17/lanFileSharer/pkg/sender/app.go:179.17,181.4 1 0
github.com/rescp17/lanFileSharer/pkg/sender/app.go:182.3,182.16 1 2
github.com/rescp17/lanFileSharer/pkg/sender/app.go:182.16,183.45 1 2
github.com/rescp17/lanFileSharer/pkg/sender/app.go:183.45,185.5 1 0
github.com/rescp17/lanFileSharer/pkg/sender/app.go:188.3,189.74 2 2
github.com/rescp17/lanFileSharer/pkg/sender/app.go:189.74,191.4 1 2
github.com/rescp17/lanFileSharer/pkg/sender/app.go:193.3,197.87 3 0
github.com/rescp17/lanFileSharer/pkg/sender/app.go:197.87,199.4 1 0
github.com/rescp17/lanFileSharer/pkg/sender/app.go:201.3,201.13 1 0
github.com/rescp17/lanFileSharer/pkg/sender/app.go:204.2,205.12 2 2
github.com/rescp17/lanFileSharer/pkg/sender/app.go:205.12,208.17 3 2
github.com/rescp17/lanFileSharer/pkg/sender/app.go:208.17,209.34 1 2
github.com/rescp17/lanFileSharer/pkg/sender/app.go:209.34,211.5 1 0
github.com/rescp17/lanFileSharer/pkg/sender/app.go:211.10,213.5 1 2
github.com/rescp17/lanFileSharer/pkg/sender/app.go:214.9,216.4 1 0
github.com/rescp17/lanFileSharer/pkg/sender/app.go:221.37,226.16 4 0
github.com/rescp17/lanFileSharer/pkg/sender/app.go:226.16,229.3 2 0
github.com/rescp17/lanFileSharer/pkg/sender/app.go:231.2,231.43 1 0
github.com/rescp17/lanFileSharer/pkg/sender/app.go:231.43,235.3 3 0
github.com/rescp17/lanFileSharer/pkg/sender/app.go:237.2,238.44 2 0
github.com/rescp17/lanFileSharer/pkg/sender/app.go:242.38,247.16 4 0
github.com/rescp17/lanFileSharer/pkg/sender/app.go:247.16,250.3 2 0
github.com/rescp17/lanFileSharer/pkg/sender/app.go:252.2,252.44 1 0
github.com/rescp17/lanFileSharer/pkg/sender/app.go:252.44,256.3 3 0
github.com/rescp17/lanFileSharer/pkg/sender/app.go:258.2,259.45 2 0
github.com/rescp17/lanFileSharer/pkg/sender/app.go:263.38,268.16 4 0
github.com/rescp17/lanFileSharer/pkg/sender/app.go:268.16,271.3 2 0
github.com/rescp17/lanFileSharer/pkg/sender/app.go:273.2,273.44 1 0
github.com/rescp17/lanFileSharer/pkg/sender/app.go:273.44,277.3 3 0
github.com/rescp17/lanFileSharer/pkg/sender/app.go:279.2,280.47 2 0
github.com/rescp17/lanFileSharer/pkg/sender/app.go:284.72,288.2 3 0
github.com/rescp17/lanFileSharer/pkg/sender/app.go:292.81,295.9 1 0
github.com/rescp17/lanFileSharer/pkg/sender/app.go:305.4,305.4 0 0
github.com/rescp17/lanFileSharer/pkg/sender/app.go:306.10,308.58 1 0
github.com/rescp17/lanFileSharer/pkg/ui/receiver.go:45.48,53.2 2 0
github.com/rescp17/lanFileSharer/pkg/ui/receiver.go:55.40,60.2 1 0
github.com/rescp17/lanFileSharer/pkg/ui/receiver.go:62.38,63.26 1 0
github.com/rescp17/lanFileSharer/pkg/ui/receiver.go:64.26,65.117 1 0
github.com/rescp17/lanFileSharer/pkg/ui/receiver.go:66.28,71.89 2 0
github.com/rescp17/lanFileSharer/pkg/ui/receiver.go:72.22,73.78 1 0
github.com/rescp17/lanFileSharer/pkg/ui/receiver.go:74.23,75.61 1 0
github.com/rescp17/lanFileSharer/pkg/ui/receiver.go:76.21,77.130 1 0
github.com/rescp17/lanFileSharer/pkg/ui/receiver.go:78.10,79.50 1 0
github.com/rescp17/lanFileSharer/pkg/ui/receiver.go:83.54,86.2 2 0
github.com/rescp17/lanFileSharer/pkg/ui/receiver.go:88.66,89.27 1 0
github.com/rescp17/lanFileSharer/pkg/ui/receiver.go:91.23,94.16 3 0
github.com/rescp17/lanFileSharer/pkg/ui/receiver.go:95.41,97.16 2 0
github.com/rescp17/lanFileSharer/pkg/ui/receiver.go:100.2,100.26 1 0
github.com/rescp17/lanFileSharer/pkg/ui/receiver.go:101.26,102.41 1 0
github.com/rescp17/lanFileSharer/pkg/ui/receiver.go:103.28,104.43 1 0
github.com/rescp17/lanFileSharer/pkg/ui/receiver.go:105.22,106.37 1 0
github.com/rescp17/lanFileSharer/pkg/ui/receiver.go:107.38,108.46 1 0
github.com/rescp17/lanFileSharer/pkg/ui/receiver.go:111.2,111.15 1 0
github.com/rescp17/lanFileSharer/pkg/ui/receiver.go:114.72,115.27 1 0
github.com/rescp17/lanFileSharer/pkg/ui/receiver.go:116.39,118.16 2 0
github.com/rescp17/lanFileSharer/pkg/ui/receiver.go:119.10,122.16 3 0
github.com/rescp17/lanFileSharer/pkg/ui/receiver.go:127.76,128.27 1 0
github.com/rescp17/lanFileSharer/pkg/ui/receiver.go:129.39,132.16 3 0
github.com/rescp17/lanFileSharer/pkg/ui/receiver.go:133.10,136.16 3 0
github.com/rescp17/lanFileSharer/pkg/ui/receiver.go:140.78,141.40 1 0
github.com/rescp17/lanFileSharer/pkg/ui/receiver.go:141.40,142.10 1 0
github.com/rescp17/lanFileSharer/pkg/ui/receiver.go:143.50,146.17 3 0
github.com/rescp17/lanFileSharer/pkg/ui/receiver.go:147.50,149.28 2 0
github.com/rescp17/lanFileSharer/pkg/ui/receiver.go:150.11,153.17 3 0
github.com/rescp17/lanFileSharer/pkg/ui/receiver.go:156.2,156.15 1 0
github.com/rescp17/lanFileSharer/pkg/ui/receiver.go:159.81,160.40 1 0
github.com/rescp17/lanFileSharer/pkg/ui/receiver.go:160.40,161.27 1 0
github.com/rescp17/lanFileSharer/pkg/ui/receiver.go:162.24,163.35 1 0
github.com/rescp17/lanFileSharer/pkg/ui/receiver.go:163.35,165.5 1 0
github.com/rescp17/lanFileSharer/pkg/ui/receiver.go:166.22,167.35 1 0
github.com/rescp17/lanFileSharer/pkg/ui/receiver.go:167.35,169.5 1 0
github.com/rescp17/lanFileSharer/pkg/ui/receiver.go:173.2,173.15 1 0
github.com/rescp17/lanFileSharer/pkg/ui/sender.go:64.36,82.2 4 0
github.com/rescp17/lanFileSharer/pkg/ui/sender.go:85.48,86.24 1 0
github.com/rescp17/lanFileSharer/pkg/ui/sender.go:86.24,88.3 1 0
github.com/rescp17/lanFileSharer/pkg/ui/sender.go:91.38,93.2 1 0
github.com/rescp17/lanFileSharer/pkg/ui/sender.go:95.71,98.35 3 0
github.com/rescp17/lanFileSharer/pkg/ui/sender.go:98.35,102.3 1 0
github.com/rescp17/lanFileSharer/pkg/ui/sender.go:103.2,105.39 3 0
github.com/rescp17/lanFileSharer/pkg/ui/sender.go:108.64,109.62 1 0
github.com/rescp17/lanFileSharer/pkg/ui/sender.go:109.62,111.3 1 0
github.com/rescp17/lanFileSharer/pkg/ui/sender.go:112.2,114.24 2 0
github.com/rescp17/lanFileSharer/pkg/ui/sender.go:115.25,116.44 1 0
github.com/rescp17/lanFileSharer/pkg/ui/sender.go:117.22,118.41 1 0
github.com/rescp17/lanFileSharer/pkg/ui/sender.go:119.20,120.39 1 0
github.com/rescp17/lanFileSharer/pkg/ui/sender.go:121.22,122.41 1 0
github.com/rescp17/lanFileSharer/pkg/ui/sender.go:123.40,124.66 1 0
github.com/rescp17/lanFileSharer/pkg/ui/sender.go:124.66,127.4 2 0
github.com/rescp17/lanFileSharer/pkg/ui/sender.go:130.2,133.35 3 0
github.com/rescp17/lanFileSharer/pkg/ui/sender.go:136.67,137.27 1 0
github.com/rescp17/lanFileSharer/pkg/ui/sender.go:138.36,140.34 2 0
github.com/rescp17/lanFileSharer/pkg/ui/sender.go:140.34,142.4 1 0
github.com/rescp17/lanFileSharer/pkg/ui/sender.go:144.3,144.66 1 0
github.com/rescp17/lanFileSharer/pkg/ui/sender.go:144.66,146.4 1 0
github.com/rescp17/lanFileSharer/pkg/ui/sender.go:148.3,148.68 1 0
github.com/rescp17/lanFileSharer/pkg/ui/sender.go:148.68,150.4 1 0
github.com/rescp17/lanFileSharer/pkg/ui/sender.go:152.3,153.40 2 0
github.com/rescp17/lanFileSharer/pkg/ui/sender.go:154.38,156.40 2 0
github.com/rescp17/lanFileSharer/pkg/ui/sender.go:157.39,159.40 2 0
github.com/rescp17/lanFileSharer/pkg/ui/sender.go:160.35,163.40 2 0
github.com/rescp17/lanFileSharer/pkg/ui/sender.go:164.37,176.40 2 0
github.com/rescp17/lanFileSharer/pkg/ui/sender.go:177.39,179.40 2 0
github.com/rescp17/lanFileSharer/pkg/ui/sender.go:180.37,182.40 2 0
github.com/rescp17/lanFileSharer/pkg/ui/sender.go:183.38,185.40 2 0
github.com/rescp17/lanFileSharer/pkg/ui/sender.go:186.40,188.40 2 0
github.com/rescp17/lanFileSharer/pkg/ui/sender.go:189.23,192.40 3 0
github.com/rescp17/lanFileSharer/pkg/ui/sender.go:194.2,194.19 1 0
github.com/rescp17/lanFileSharer/pkg/ui/sender.go:198.67,201.27 2 0
github.com/rescp17/lanFileSharer/pkg/ui/sender.go:202.18,203.19 1 0
github.com/rescp17/lanFileSharer/pkg/ui/sender.go:204.21,205.34 1 0
github.com/rescp17/lanFileSharer/pkg/ui/sender.go:205.34,207.69 2 0
github.com/rescp17/lanFileSharer/pkg/ui/sender.go:207.69,211.6 3 0
github.com/rescp17/lanFileSharer/pkg/ui/sender.go:211.11,216.6 3 0
github.com/rescp17/lanFileSharer/pkg/ui/sender.go:217.5,218.15 2 0
github.com/rescp17/lanFileSharer/pkg/ui/sender.go:223.2,224.12 2 0
github.com/rescp17/lanFileSharer/pkg/ui/sender.go:227.64,228.27 1 0
github.com/rescp17/lanFileSharer/pkg/ui/sender.go:229.43,234.4 1 0
github.com/rescp17/lanFileSharer/pkg/ui/sender.go:236.2,238.12 3 0
github.com/rescp17/lanFileSharer/pkg/ui/sender.go:241.37,242.24 1 0
github.com/rescp17/lanFileSharer/pkg/ui/sender.go:243.24,244.75 1 0
github.com/rescp17/lanFileSharer/pkg/ui/sender.go:245.25,249.11 4 0
github.com/rescp17/lanFileSharer/pkg/ui/sender.go:250.22,251.127 1 0
github.com/rescp17/lanFileSharer/pkg/ui/sender.go:252.38,253.147 1 0
github.com/rescp17/lanFileSharer/pkg/ui/sender.go:254.20,255.36 1 0
github.com/rescp17/lanFileSharer/pkg/ui/sender.go:256.22,257.34 1 0
github.com/rescp17/lanFileSharer/pkg/ui/sender.go:258.24,259.72 1 0
github.com/rescp17/lanFileSharer/pkg/ui/sender.go:260.22,262.19 2 0
github.com/rescp17/lanFileSharer/pkg/ui/sender.go:262.19,264.4 1 0
github.com/rescp17/lanFileSharer/pkg/ui/sender.go:265.3,265.111 1 0
github.com/rescp17/lanFileSharer/pkg/ui/sender.go:266.10,267.48 1 0
github.com/rescp17/lanFileSharer/pkg/ui/sender.go:271.31,273.2 1 0
github.com/rescp17/lanFileSharer/pkg/ui/sender.go:275.58,276.22 1 0
github.com/rescp17/lanFileSharer/pkg/ui/sender.go:276.22,279.3 2 0
github.com/rescp17/lanFileSharer/pkg/ui/sender.go:281.2,282.34 2 0
github.com/rescp17/lanFileSharer/pkg/ui/sender.go:282.34,290.3 3 0
github.com/rescp17/lanFileSharer/pkg/ui/sender.go:294.49,295.38 1 0
github.com/rescp17/lanFileSharer/pkg/ui/sender.go:295.38,299.3 1 0
github.com/rescp17/lanFileSharer/pkg/ui/sender.go:301.2,313.39 7 0
github.com/rescp17/lanFileSharer/pkg/ui/sender.go:313.39,315.3 1 0
github.com/rescp17/lanFileSharer/pkg/ui/sender.go:315.8,315.41 1 0
github.com/rescp17/lanFileSharer/pkg/ui/sender.go:315.41,317.3 1 0
github.com/rescp17/lanFileSharer/pkg/ui/sender.go:317.8,319.3 1 0
github.com/rescp17/lanFileSharer/pkg/ui/sender.go:322.2,323.42 2 0
github.com/rescp17/lanFileSharer/pkg/ui/sender.go:323.42,327.3 1 0
github.com/rescp17/lanFileSharer/pkg/ui/sender.go:327.8,327.44 1 0
github.com/rescp17/lanFileSharer/pkg/ui/sender.go:327.44,331.3 1 0
github.com/rescp17/lanFileSharer/pkg/ui/sender.go:331.8,331.39 1 0
github.com/rescp17/lanFileSharer/pkg/ui/sender.go:331.39,335.3 1 0
github.com/rescp17/lanFileSharer/pkg/ui/sender.go:335.8,337.3 1 0
github.com/rescp17/lanFileSharer/pkg/ui/sender.go:339.2,348.48 6 0
github.com/rescp17/lanFileSharer/pkg/ui/sender.go:348.48,350.3 1 0
github.com/rescp17/lanFileSharer/pkg/ui/sender.go:352.2,352.32 1 0
github.com/rescp17/lanFileSharer/pkg/ui/sender.go:352.32,354.3 1 0
github.com/rescp17/lanFileSharer/pkg/ui/sender.go:357.2,359.15 2 0
github.com/rescp17/lanFileSharer/pkg/ui/sender.go:363.47,364.38 1 0
github.com/rescp17/lanFileSharer/pkg/ui/sender.go:364.38,368.3 1 0
github.com/rescp17/lanFileSharer/pkg/ui/sender.go:370.2,382.42 7 0
github.com/rescp17/lanFileSharer/pkg/ui/sender.go:382.42,386.3 1 0
github.com/rescp17/lanFileSharer/pkg/ui/sender.go:386.8,386.44 1 0
github.com/rescp17/lanFileSharer/pkg/ui/sender.go:386.44,390.3 1 0
github.com/rescp17/lanFileSharer/pkg/ui/sender.go:390.8,390.39 1 0
github.com/rescp17/lanFileSharer/pkg/ui/sender.go:390.39,394.3 1 0
github.com/rescp17/lanFileSharer/pkg/ui/sender.go:394.8,396.3 1 0
github.com/rescp17/lanFileSharer/pkg/ui/sender.go:398.2,405.32 5 0
github.com/rescp17/lanFileSharer/pkg/ui/sender.go:405.32,407.3 1 0
github.com/rescp17/lanFileSharer/pkg/ui/sender.go:410.2,412.15 2 0
github.com/rescp17/lanFileSharer/pkg/ui/sender.go:416.62,417.40 1 0
github.com/rescp17/lanFileSharer/pkg/ui/sender.go:417.40,418.26 1 0
github.com/rescp17/lanFileSharer/pkg/ui/sender.go:419.17,421.26 1 0
github.com/rescp17/lanFileSharer/pkg/ui/sender.go:421.26,423.5 1 0
github.com/rescp17/lanFileSharer/pkg/ui/sender.go:424.17,426.26 1 0
github.com/rescp17/lanFileSharer/pkg/ui/sender.go:426.26,428.5 1 0
github.com/rescp17/lanFileSharer/pkg/ui/sender.go:429.22,431.19 1 0
github.com/rescp17/lanFileSharer/pkg/ui/sender.go:434.2,434.12 1 0
github.com/rescp17/lanFileSharer/pkg/ui/sender.go:438.64,439.40 1 0
github.com/rescp17/lanFileSharer/pkg/ui/sender.go:439.40,440.26 1 0
github.com/rescp17/lanFileSharer/pkg/ui/sender.go:441.22,443.26 1 0
github.com/rescp17/lanFileSharer/pkg/ui/sender.go:443.26,445.5 1 0
github.com/rescp17/lanFileSharer/pkg/ui/sender.go:446.17,448.26 1 0
github.com/rescp17/lanFileSharer/pkg/ui/sender.go:448.26,450.5 1 0
github.com/rescp17/lanFileSharer/pkg/ui/sender.go:451.22,453.19 1 0
github.com/rescp17/lanFileSharer/pkg/ui/sender.go:456.2,456.12 1 0
github.com/rescp17/lanFileSharer/pkg/ui/tui.go:34.62,39.11 4 0
github.com/rescp17/lanFileSharer/pkg/ui/tui.go:40.14,42.29 2 0
github.com/rescp17/lanFileSharer/pkg/ui/tui.go:43.16,45.37 2 0
github.com/rescp17/lanFileSharer/pkg/ui/tui.go:48.2,57.3 2 0
github.com/rescp17/lanFileSharer/pkg/ui/tui.go:60.31,61.28 1 0
github.com/rescp17/lanFileSharer/pkg/ui/tui.go:61.28,63.3 1 0
github.com/rescp17/lanFileSharer/pkg/ui/tui.go:65.2,66.16 2 0
github.com/rescp17/lanFileSharer/pkg/ui/tui.go:67.14,68.27 1 0
github.com/rescp17/lanFileSharer/pkg/ui/tui.go:69.16,70.29 1 0
github.com/rescp17/lanFileSharer/pkg/ui/tui.go:73.2,73.27 1 0
github.com/rescp17/lanFileSharer/pkg/ui/tui.go:73.27,74.52 1 0
github.com/rescp17/lanFileSharer/pkg/ui/tui.go:74.52,77.40 2 0
github.com/rescp17/lanFileSharer/pkg/ui/tui.go:77.40,79.5 1 0
github.com/rescp17/lanFileSharer/pkg/ui/tui.go:80.4,80.36 1 0
github.com/rescp17/lanFileSharer/pkg/ui/tui.go:82.3,82.36 1 0
github.com/rescp17/lanFileSharer/pkg/ui/tui.go:85.2,85.35 1 0
github.com/rescp17/lanFileSharer/pkg/ui/tui.go:88.30,89.18 1 0
github.com/rescp17/lanFileSharer/pkg/ui/tui.go:89.18,91.3 1 0
github.com/rescp17/lanFileSharer/pkg/ui/tui.go:92.2,93.16 2 0
github.com/rescp17/lanFileSharer/pkg/ui/tui.go:94.14,95.22 1 0
github.com/rescp17/lanFileSharer/pkg/ui/tui.go:96.16,97.24 1 0
github.com/rescp17/lanFileSharer/pkg/ui/tui.go:98.10,99.12 1 0
github.com/rescp17/lanFileSharer/pkg/ui/tui.go:102.2,103.10 2 0
github.com/rescp17/lanFileSharer/pkg/ui/tui.go:106.57,107.27 1 0
github.com/rescp17/lanFileSharer/pkg/ui/tui.go:116.19,118.22 1 0
github.com/rescp17/lanFileSharer/pkg/ui/tui.go:118.22,120.4 1 0
github.com/rescp17/lanFileSharer/pkg/ui/tui.go:121.3,121.21 1 0
github.com/rescp17/lanFileSharer/pkg/ui/tui.go:122.23,124.21 2 0
github.com/rescp17/lanFileSharer/pkg/ui/tui.go:125.32,126.21 1 0
github.com/rescp17/lanFileSharer/pkg/ui/tui.go:129.2,129.16 1 0
github.com/rescp17/lanFileSharer/pkg/ui/tui.go:130.14,131.29 1 0
github.com/rescp17/lanFileSharer/pkg/ui/tui.go:132.16,133.31 1 0
github.com/rescp17/lanFileSharer/pkg/ui/tui.go:136.2,136.15 1 0
github.com/rescp17/lanFileSharer/pkg/webrtc/ci_test_helpers.go:23.38,36.51 2 2
github.com/rescp17/lanFileSharer/pkg/webrtc/ci_test_helpers.go:36.51,43.32 5 2
github.com/rescp17/lanFileSharer/pkg/webrtc/ci_test_helpers.go:43.32,46.4 2 2
github.com/rescp17/lanFileSharer/pkg/webrtc/ci_test_helpers.go:49.3,49.28 1 2
github.com/rescp17/lanFileSharer/pkg/webrtc/ci_test_helpers.go:49.28,52.4 2 0
github.com/rescp17/lanFileSharer/pkg/webrtc/ci_test_helpers.go:55.2,55.15 1 2
github.com/rescp17/lanFileSharer/pkg/webrtc/ci_test_helpers.go:59.79,61.2 1 0
github.com/rescp17/lanFileSharer/pkg/webrtc/ci_test_helpers.go:64.75,65.18 1 1
github.com/rescp17/lanFileSharer/pkg/webrtc/ci_test_helpers.go:66.14,67.22 1 1
github.com/rescp17/lanFileSharer/pkg/webrtc/ci_test_helpers.go:67.22,70.4 2 1
github.com/rescp17/lanFileSharer/pkg/webrtc/ci_test_helpers.go:71.14,72.22 1 0
github.com/rescp17/lanFileSharer/pkg/webrtc/ci_test_helpers.go:72.22,75.4 2 0
github.com/rescp17/lanFileSharer/pkg/webrtc/ci_test_helpers.go:76.17,78.58 1 0
github.com/rescp17/lanFileSharer/pkg/webrtc/ci_test_helpers.go:78.58,81.4 2 0
github.com/rescp17/lanFileSharer/pkg/webrtc/ci_test_helpers.go:83.2,83.14 1 0
github.com/rescp17/lanFileSharer/pkg/webrtc/ci_test_helpers.go:87.93,90.55 2 0
github.com/rescp17/lanFileSharer/pkg/webrtc/ci_test_helpers.go:90.55,91.18 1 0
github.com/rescp17/lanFileSharer/pkg/webrtc/ci_test_helpers.go:91.18,95.4 2 0
github.com/rescp17/lanFileSharer/pkg/webrtc/ci_test_helpers.go:97.3,98.21 2 0
github.com/rescp17/lanFileSharer/pkg/webrtc/ci_test_helpers.go:98.21,99.19 1 0
github.com/rescp17/lanFileSharer/pkg/webrtc/ci_test_helpers.go:99.19,101.5 1 0
github.com/rescp17/lanFileSharer/pkg/webrtc/ci_test_helpers.go:102.4,102.10 1 0
github.com/rescp17/lanFileSharer/pkg/webrtc/ci_test_helpers.go:105.3,105.73 1 0
github.com/rescp17/lanFileSharer/pkg/webrtc/ci_test_helpers.go:109.2,109.95 1 0
github.com/rescp17/lanFileSharer/pkg/webrtc/ci_test_helpers.go:113.53,116.17 2 2
github.com/rescp17/lanFileSharer/pkg/webrtc/ci_test_helpers.go:116.17,123.32 3 2
github.com/rescp17/lanFileSharer/pkg/webrtc/ci_test_helpers.go:123.33,126.4 0 2
github.com/rescp17/lanFileSharer/pkg/webrtc/ci_test_helpers.go:129.2,129.15 1 2
github.com/rescp17/lanFileSharer/pkg/webrtc/ci_test_helpers.go:133.63,134.17 1 2
github.com/rescp17/lanFileSharer/pkg/webrtc/ci_test_helpers.go:134.17,143.3 4 2
github.com/rescp17/lanFileSharer/pkg/webrtc/ci_test_helpers.go:147.138,151.34 3 0
github.com/rescp17/lanFileSharer/pkg/webrtc/ci_test_helpers.go:151.34,152.18 1 0
github.com/rescp17/lanFileSharer/pkg/webrtc/ci_test_helpers.go:152.18,154.4 1 0
github.com/rescp17/lanFileSharer/pkg/webrtc/ci_test_helpers.go:155.3,155.28 1 0
github.com/rescp17/lanFileSharer/pkg/webrtc/ci_test_helpers.go:158.2,159.14 2 0
github.com/rescp17/lanFileSharer/pkg/webrtc/ci_test_helpers.go:163.37,176.2 10 0
github.com/rescp17/lanFileSharer/pkg/webrtc/connection.go:47.52,49.2 1 23
github.com/rescp17/lanFileSharer/pkg/webrtc/connection.go:51.36,52.29 1 2
github.com/rescp17/lanFileSharer/pkg/webrtc/connection.go:52.29,55.3 2 2
github.com/rescp17/lanFileSharer/pkg/webrtc/connection.go:56.2,56.12 1 0
github.com/rescp17/lanFileSharer/pkg/webrtc/connection.go:67.53,69.2 1 1
github.com/rescp17/lanFileSharer/pkg/webrtc/connection.go:84.32,93.2 5 1
github.com/rescp17/lanFileSharer/pkg/webrtc/connection.go:95.89,99.33 2 2
github.com/rescp17/lanFileSharer/pkg/webrtc/connection.go:99.33,103.3 1 2
github.com/rescp17/lanFileSharer/pkg/webrtc/connection.go:104.2,105.16 2 2
github.com/rescp17/lanFileSharer/pkg/webrtc/connection.go:105.16,108.3 1 0
github.com/rescp17/lanFileSharer/pkg/webrtc/connection.go:109.2,109.16 1 2
github.com/rescp17/lanFileSharer/pkg/webrtc/connection.go:112.79,114.2 1 0
github.com/rescp17/lanFileSharer/pkg/webrtc/connection.go:116.154,118.2 1 1
github.com/rescp17/lanFileSharer/pkg/webrtc/connection.go:120.201,122.16 2 1
github.com/rescp17/lanFileSharer/pkg/webrtc/connection.go:122.16,124.3 1 0
github.com/rescp17/lanFileSharer/pkg/webrtc/connection.go:125.2,136.57 4 1
github.com/rescp17/lanFileSharer/pkg/webrtc/connection.go:136.57,137.23 1 0
github.com/rescp17/lanFileSharer/pkg/webrtc/connection.go:137.23,139.18 2 0
github.com/rescp17/lanFileSharer/pkg/webrtc/connection.go:139.18,141.5 1 0
github.com/rescp17/lanFileSharer/pkg/webrtc/connection.go:145.2,145.18 1 1
github.com/rescp17/lanFileSharer/pkg/webrtc/connection.go:148.86,150.16 2 1
github.com/rescp17/lanFileSharer/pkg/webrtc/connection.go:150.16,153.3 2 0
github.com/rescp17/lanFileSharer/pkg/webrtc/connection.go:155.2,159.8 1 1
github.com/rescp17/lanFileSharer/pkg/webrtc/connection.go:162.95,163.23 1 1
github.com/rescp17/lanFileSharer/pkg/webrtc/connection.go:163.23,166.3 2 0
github.com/rescp17/lanFileSharer/pkg/webrtc/connection.go:168.2,169.16 2 1
github.com/rescp17/lanFileSharer/pkg/webrtc/connection.go:169.16,171.3 1 0
github.com/rescp17/lanFileSharer/pkg/webrtc/connection.go:173.2,173.60 1 1
github.com/rescp17/lanFileSharer/pkg/webrtc/connection.go:173.60,175.3 1 0
github.com/rescp17/lanFileSharer/pkg/webrtc/connection.go:177.2,178.16 2 1
github.com/rescp17/lanFileSharer/pkg/webrtc/connection.go:178.16,180.3 1 0
github.com/rescp17/lanFileSharer/pkg/webrtc/connection.go:182.2,183.16 2 1
github.com/rescp17/lanFileSharer/pkg/webrtc/connection.go:183.16,185.3 1 0
github.com/rescp17/lanFileSharer/pkg/webrtc/connection.go:187.2,187.65 1 1
github.com/rescp17/lanFileSharer/pkg/webrtc/connection.go:187.65,189.3 1 0
github.com/rescp17/lanFileSharer/pkg/webrtc/connection.go:191.2,192.16 2 1
github.com/rescp17/lanFileSharer/pkg/webrtc/connection.go:192.16,194.3 1 0
github.com/rescp17/lanFileSharer/pkg/webrtc/connection.go:196.2,196.63 1 1
github.com/rescp17/lanFileSharer/pkg/webrtc/connection.go:196.63,198.3 1 0
github.com/rescp17/lanFileSharer/pkg/webrtc/connection.go:200.2,200.12 1 1
github.com/rescp17/lanFileSharer/pkg/webrtc/connection.go:203.120,204.61 1 1
github.com/rescp17/lanFileSharer/pkg/webrtc/connection.go:204.61,206.3 1 0
github.com/rescp17/lanFileSharer/pkg/webrtc/connection.go:208.2,209.16 2 1
github.com/rescp17/lanFileSharer/pkg/webrtc/connection.go:209.16,211.3 1 0
github.com/rescp17/lanFileSharer/pkg/webrtc/connection.go:213.2,213.61 1 1
github.com/rescp17/lanFileSharer/pkg/webrtc/connection.go:213.61,215.3 1 0
github.com/rescp17/lanFileSharer/pkg/webrtc/connection.go:216.2,216.21 1 1
github.com/rescp17/lanFileSharer/pkg/webrtc/connection.go:219.116,221.2 1 0
github.com/rescp17/lanFileSharer/pkg/webrtc/connection.go:223.104,226.15 2 0
github.com/rescp17/lanFileSharer/pkg/webrtc/connection.go:226.15,227.37 1 0
github.com/rescp17/lanFileSharer/pkg/webrtc/connection.go:227.37,229.4 1 0
github.com/rescp17/lanFileSharer/pkg/webrtc/connection.go:233.2,233.31 1 0
github.com/rescp17/lanFileSharer/pkg/webrtc/connection.go:233.31,239.3 3 0
github.com/rescp17/lanFileSharer/pkg/webrtc/connection.go:242.2,242.29 1 0
github.com/rescp17/lanFileSharer/pkg/webrtc/connection.go:242.29,243.44 1 0
github.com/rescp17/lanFileSharer/pkg/webrtc/connection.go:243.44,245.4 1 0
github.com/rescp17/lanFileSharer/pkg/webrtc/connection.go:248.2,255.16 5 0
github.com/rescp17/lanFileSharer/pkg/webrtc/connection.go:255.16,257.3 1 0
github.com/rescp17/lanFileSharer/pkg/webrtc/connection.go:259.2,259.28 1 0
github.com/rescp17/lanFileSharer/pkg/webrtc/connection.go:259.28,262.30 3 0
github.com/rescp17/lanFileSharer/pkg/webrtc/connection.go:262.30,262.53 1 0
github.com/rescp17/lanFileSharer/pkg/webrtc/connection.go:265.2,265.38 1 0
github.com/rescp17/lanFileSharer/pkg/webrtc/connection.go:265.38,266.10 1 0
github.com/rescp17/lanFileSharer/pkg/webrtc/connection.go:267.28,267.28 0 0
github.com/rescp17/lanFileSharer/pkg/webrtc/connection.go:268.11,268.11 0 0
github.com/rescp17/lanFileSharer/pkg/webrtc/connection.go:270.3,270.30 1 0
github.com/rescp17/lanFileSharer/pkg/webrtc/connection.go:270.30,270.53 1 0
github.com/rescp17/lanFileSharer/pkg/webrtc/connection.go:274.2,274.15 1 0
github.com/rescp17/lanFileSharer/pkg/webrtc/connection.go:274.15,275.45 1 0
github.com/rescp17/lanFileSharer/pkg/webrtc/connection.go:275.45,277.4 1 0
github.com/rescp17/lanFileSharer/pkg/webrtc/connection.go:279.3,279.30 1 0
github.com/rescp17/lanFileSharer/pkg/webrtc/connection.go:279.30,279.53 1 0
github.com/rescp17/lanFileSharer/pkg/webrtc/connection.go:282.2,282.9 1 0
github.com/rescp17/lanFileSharer/pkg/webrtc/connection.go:283.22,285.65 2 0
github.com/rescp17/lanFileSharer/pkg/webrtc/connection.go:286.29,287.51 1 0
github.com/rescp17/lanFileSharer/pkg/webrtc/connection.go:288.20,289.86 1 0
[...]
github.com/rescp17/lanFileSharer/pkg/transfer/status_manager.go:293.60,297.30 3 1
github.com/rescp17/lanFileSharer/pkg/transfer/status_manager.go:297.30,299.3 1 0
github.com/rescp17/lanFileSharer/pkg/transfer/status_manager.go:301.2,301.42 1 1
github.com/rescp17/lanFileSharer/pkg/transfer/status_manager.go:301.42,303.3 1 0
github.com/rescp17/lanFileSharer/pkg/transfer/status_manager.go:305.2,305.64 1 1
github.com/rescp17/lanFileSharer/pkg/transfer/status_manager.go:305.64,307.3 1 0
github.com/rescp17/lanFileSharer/pkg/transfer/status_manager.go:309.2,324.12 10 1
github.com/rescp17/lanFileSharer/pkg/transfer/status_manager.go:328.61,332.30 3 1
github.com/rescp17/lanFileSharer/pkg/transfer/status_manager.go:332.30,334.3 1 0
github.com/rescp17/lanFileSharer/pkg/transfer/status_manager.go:336.2,336.42 1 1
github.com/rescp17/lanFileSharer/pkg/transfer/status_manager.go:336.42,338.3 1 0
github.com/rescp17/lanFileSharer/pkg/transfer/status_manager.go:340.2,340.64 1 1
github.com/rescp17/lanFileSharer/pkg/transfer/status_manager.go:340.64,342.3 1 0
github.com/rescp17/lanFileSharer/pkg/transfer/status_manager.go:344.2,359.12 10 1
github.com/rescp17/lanFileSharer/pkg/transfer/status_manager.go:363.77,367.30 3 27
github.com/rescp17/lanFileSharer/pkg/transfer/status_manager.go:367.30,369.3 1 1
github.com/rescp17/lanFileSharer/pkg/transfer/status_manager.go:371.2,371.42 1 26
github.com/rescp17/lanFileSharer/pkg/transfer/status_manager.go:371.42,373.3 1 1
github.com/rescp17/lanFileSharer/pkg/transfer/status_manager.go:376.2,377.25 2 25
github.com/rescp17/lanFileSharer/pkg/transfer/status_manager.go:381.58,386.2 3 7
github.com/rescp17/lanFileSharer/pkg/transfer/status_manager.go:389.50,394.2 3 2
github.com/rescp17/lanFileSharer/pkg/transfer/status_manager.go:397.78,402.2 3 6
github.com/rescp17/lanFileSharer/pkg/transfer/status_manager.go:406.114,410.41 3 90
github.com/rescp17/lanFileSharer/pkg/transfer/status_manager.go:410.41,412.29 1 107
github.com/rescp17/lanFileSharer/pkg/transfer/status_manager.go:412.29,414.4 1 107
github.com/rescp17/lanFileSharer/pkg/transfer/status_manager.go:418.107,422.41 3 90
github.com/rescp17/lanFileSharer/pkg/transfer/status_manager.go:422.41,424.29 1 107
github.com/rescp17/lanFileSharer/pkg/transfer/status_manager.go:424.29,426.4 1 107
github.com/rescp17/lanFileSharer/pkg/transfer/status_manager.go:430.75,435.37 4 0
github.com/rescp17/lanFileSharer/pkg/transfer/status_manager.go:435.37,436.33 1 0
github.com/rescp17/lanFileSharer/pkg/transfer/status_manager.go:436.33,438.10 1 0
github.com/rescp17/lanFileSharer/pkg/transfer/status_manager.go:440.5,440.33 1 0
github.com/rescp17/lanFileSharer/pkg/transfer/test_isolation_example.go:12.44,27.29 3 0
github.com/rescp17/lanFileSharer/pkg/transfer/test_isolation_example.go:27.29,28.39 1 0
github.com/rescp17/lanFileSharer/pkg/transfer/test_isolation_example.go:28.39,40.4 5 0
github.com/rescp17/lanFileSharer/pkg/transfer/test_isolation_example.go:46.45,58.29 2 0
github.com/rescp17/lanFileSharer/pkg/transfer/test_isolation_example.go:58.29,59.39 1 0
github.com/rescp17/lanFileSharer/pkg/transfer/test_isolation_example.go:59.39,69.4 6 0
github.com/rescp17/lanFileSharer/pkg/transfer/test_isolation_example.go:74.44,78.48 1 0
github.com/rescp17/lanFileSharer/pkg/transfer/test_isolation_example.go:78.48,82.42 2 0
github.com/rescp17/lanFileSharer/pkg/transfer/test_isolation_example.go:82.42,90.4 4 0
github.com/rescp17/lanFileSharer/pkg/transfer/test_isolation_example.go:92.3,92.43 1 0
github.com/rescp17/lanFileSharer/pkg/transfer/test_isolation_example.go:92.43,102.18 2 0
github.com/rescp17/lanFileSharer/pkg/transfer/test_isolation_example.go:102.18,104.5 1 0
github.com/rescp17/lanFileSharer/pkg/transfer/test_isolation_example.go:104.10,106.5 1 0
github.com/rescp17/lanFileSharer/pkg/transfer/test_isolation_example.go:110.2,110.50 1 0
github.com/rescp17/lanFileSharer/pkg/transfer/test_isolation_example.go:110.50,111.42 1 0
github.com/rescp17/lanFileSharer/pkg/transfer/test_isolation_example.go:111.42,122.4 5 0
github.com/rescp17/lanFileSharer/pkg/transfer/test_isolation_example.go:124.3,124.43 1 0
github.com/rescp17/lanFileSharer/pkg/transfer/test_isolation_example.go:124.43,134.4 5 0
github.com/rescp17/lanFileSharer/pkg/transfer/test_isolation_example.go:139.42,140.49 1 0
github.com/rescp17/lanFileSharer/pkg/transfer/test_isolation_example.go:140.49,151.30 2 0
github.com/rescp17/lanFileSharer/pkg/transfer/test_isolation_example.go:151.30,153.40 2 0
github.com/rescp17/lanFileSharer/pkg/transfer/test_isolation_example.go:153.40,163.5 7 0
github.com/rescp17/lanFileSharer/pkg/transfer/test_isolation_example.go:167.2,167.49 1 0
github.com/rescp17/lanFileSharer/pkg/transfer/test_isolation_example.go:167.49,171.53 1 0
github.com/rescp17/lanFileSharer/pkg/transfer/test_isolation_example.go:171.53,175.4 3 0
github.com/rescp17/lanFileSharer/pkg/transfer/test_isolation_example.go:177.3,177.54 1 0
github.com/rescp17/lanFileSharer/pkg/transfer/test_isolation_example.go:177.54,181.4 3 0
github.com/rescp17/lanFileSharer/pkg/transfer/test_isolation_example.go:183.3,183.55 1 0
github.com/rescp17/lanFileSharer/pkg/transfer/test_isolation_example.go:183.55,187.4 3 0
github.com/rescp17/lanFileSharer/pkg/transfer/test_isolation_example.go:192.47,193.48 1 0
github.com/rescp17/lanFileSharer/pkg/transfer/test_isolation_example.go:193.48,195.65 1 0
github.com/rescp17/lanFileSharer/pkg/transfer/test_isolation_example.go:195.65,200.4 4 0
github.com/rescp17/lanFileSharer/pkg/transfer/test_isolation_example.go:202.3,202.48 1 0
github.com/rescp17/lanFileSharer/pkg/transfer/test_isolation_example.go:202.48,208.4 4 0
github.com/rescp17/lanFileSharer/pkg/transfer/test_isolation_example.go:211.2,211.48 1 0
github.com/rescp17/lanFileSharer/pkg/transfer/test_isolation_example.go:211.48,215.20 2 0
github.com/rescp17/lanFileSharer/pkg/transfer/test_isolation_example.go:215.21,219.4 0 0
github.com/rescp17/lanFileSharer/pkg/transfer/test_isolation_example.go:221.3,222.26 2 0
github.com/rescp17/lanFileSharer/pkg/transfer/unified_manager.go:56.74,58.2 1 29
github.com/rescp17/lanFileSharer/pkg/transfer/unified_manager.go:61.108,97.2 7 29
github.com/rescp17/lanFileSharer/pkg/transfer/unified_manager.go:101.75,102.17 1 1037
github.com/rescp17/lanFileSharer/pkg/transfer/unified_manager.go:102.17,104.3 1 0
github.com/rescp17/lanFileSharer/pkg/transfer/unified_manager.go:107.2,107.16 1 1037
github.com/rescp17/lanFileSharer/pkg/transfer/unified_manager.go:107.16,109.3 1 0
github.com/rescp17/lanFileSharer/pkg/transfer/unified_manager.go:112.2,112.32 1 1037
github.com/rescp17/lanFileSharer/pkg/transfer/unified_manager.go:116.81,123.59 5 1037
github.com/rescp17/lanFileSharer/pkg/transfer/unified_manager.go:123.59,125.3 1 0
github.com/rescp17/lanFileSharer/pkg/transfer/unified_manager.go:128.2,128.56 1 1037
github.com/rescp17/lanFileSharer/pkg/transfer/unified_manager.go:128.56,130.3 1 0
github.com/rescp17/lanFileSharer/pkg/transfer/unified_manager.go:133.2,134.16 2 1037
github.com/rescp17/lanFileSharer/pkg/transfer/unified_manager.go:134.16,136.3 1 0
github.com/rescp17/lanFileSharer/pkg/transfer/unified_manager.go:139.2,150.12 9 1037
github.com/rescp17/lanFileSharer/pkg/transfer/unified_manager.go:153.55,155.2 1 1060
github.com/rescp17/lanFileSharer/pkg/transfer/unified_manager.go:158.83,159.20 1 0
github.com/rescp17/lanFileSharer/pkg/transfer/unified_manager.go:159.20,161.3 1 0
github.com/rescp17/lanFileSharer/pkg/transfer/unified_manager.go:164.2,164.41 1 0
github.com/rescp17/lanFileSharer/pkg/transfer/unified_manager.go:164.41,165.45 1 0
github.com/rescp17/lanFileSharer/pkg/transfer/unified_manager.go:165.45,167.4 1 0
github.com/rescp17/lanFileSharer/pkg/transfer/unified_manager.go:170.2,170.12 1 0
github.com/rescp17/lanFileSharer/pkg/transfer/unified_manager.go:174.84,179.17 4 0
github.com/rescp17/lanFileSharer/pkg/transfer/unified_manager.go:179.17,181.3 1 0
github.com/rescp17/lanFileSharer/pkg/transfer/unified_manager.go:184.2,185.13 2 0
github.com/rescp17/lanFileSharer/pkg/transfer/unified_manager.go:185.13,187.3 1 0
github.com/rescp17/lanFileSharer/pkg/transfer/unified_manager.go:189.2,189.23 1 0
github.com/rescp17/lanFileSharer/pkg/transfer/unified_manager.go:193.77,202.12 4 509
github.com/rescp17/lanFileSharer/pkg/transfer/unified_manager.go:202.12,204.3 1 2
github.com/rescp17/lanFileSharer/pkg/transfer/unified_manager.go:207.2,215.12 8 509
github.com/rescp17/lanFileSharer/pkg/transfer/unified_manager.go:219.74,228.12 4 507
github.com/rescp17/lanFileSharer/pkg/transfer/unified_manager.go:228.12,230.3 1 0
github.com/rescp17/lanFileSharer/pkg/transfer/unified_manager.go:233.2,241.12 8 507
github.com/rescp17/lanFileSharer/pkg/transfer/unified_manager.go:245.86,250.2 3 2
github.com/rescp17/lanFileSharer/pkg/transfer/unified_manager.go:253.81,259.2 4 2
github.com/rescp17/lanFileSharer/pkg/transfer/unified_manager.go:262.71,264.2 1 2
github.com/rescp17/lanFileSharer/pkg/transfer/unified_manager.go:267.58,269.2 1 24
github.com/rescp17/lanFileSharer/pkg/transfer/unified_manager.go:272.50,279.39 5 29
github.com/rescp17/lanFileSharer/pkg/transfer/unified_manager.go:279.39,280.21 1 1037
github.com/rescp17/lanFileSharer/pkg/transfer/unified_manager.go:280.21,282.4 1 1037
github.com/rescp17/lanFileSharer/pkg/transfer/unified_manager.go:286.2,292.12 6 29
github.com/rescp17/lanFileSharer/pkg/transfer/unified_manager.go:296.78,302.42 4 2
github.com/rescp17/lanFileSharer/pkg/transfer/unified_manager.go:302.42,305.3 2 0
github.com/rescp17/lanFileSharer/pkg/transfer/unified_manager.go:307.2,307.20 1 2
github.com/rescp17/lanFileSharer/pkg/transfer/unified_manager.go:310.84,312.2 1 24
github.com/rescp17/lanFileSharer/pkg/transfer/unified_manager.go:315.73,320.13 4 24
github.com/rescp17/lanFileSharer/pkg/transfer/unified_manager.go:320.13,322.3 1 1
github.com/rescp17/lanFileSharer/pkg/transfer/unified_manager.go:324.2,355.12 12 23
github.com/rescp17/lanFileSharer/pkg/transfer/unified_manager.go:358.57,360.2 1 0
github.com/rescp17/lanFileSharer/pkg/transfer/unified_manager.go:363.91,367.96 3 5
github.com/rescp17/lanFileSharer/pkg/transfer/unified_manager.go:367.96,369.3 1 0
github.com/rescp17/lanFileSharer/pkg/transfer/unified_manager.go:371.2,391.12 12 5
github.com/rescp17/lanFileSharer/pkg/transfer/unified_manager.go:396.76,403.96 5 12
github.com/rescp17/lanFileSharer/pkg/transfer/unified_manager.go:403.96,405.3 1 2
github.com/rescp17/lanFileSharer/pkg/transfer/unified_manager.go:407.2,428.100 13 10
github.com/rescp17/lanFileSharer/pkg/transfer/unified_manager.go:428.100,431.3 2 5
github.com/rescp17/lanFileSharer/pkg/transfer/unified_manager.go:434.2,443.12 5 10
github.com/rescp17/lanFileSharer/pkg/transfer/unified_manager.go:448.83,455.96 5 6
github.com/rescp17/lanFileSharer/pkg/transfer/unified_manager.go:455.96,457.3 1 3
github.com/rescp17/lanFileSharer/pkg/transfer/unified_manager.go:459.2,467.65 5 3
github.com/rescp17/lanFileSharer/pkg/transfer/unified_manager.go:467.65,484.3 10 3
github.com/rescp17/lanFileSharer/pkg/transfer/unified_manager.go:487.2,502.67 9 0
github.com/rescp17/lanFileSharer/pkg/transfer/unified_manager.go:502.67,506.3 3 0
github.com/rescp17/lanFileSharer/pkg/transfer/unified_manager.go:509.2,518.12 5 0
github.com/rescp17/lanFileSharer/pkg/transfer/unified_manager.go:522.73,526.96 3 1
github.com/rescp17/lanFileSharer/pkg/transfer/unified_manager.go:526.96,528.3 1 0
github.com/rescp17/lanFileSharer/pkg/transfer/unified_manager.go:530.2,530.64 1 1
github.com/rescp17/lanFileSharer/pkg/transfer/unified_manager.go:530.64,532.3 1 0
github.com/rescp17/lanFileSharer/pkg/transfer/unified_manager.go:534.2,549.12 10 1
github.com/rescp17/lanFileSharer/pkg/transfer/unified_manager.go:553.74,557.96 3 0
github.com/rescp17/lanFileSharer/pkg/transfer/unified_manager.go:557.96,559.3 1 0
github.com/rescp17/lanFileSharer/pkg/transfer/unified_manager.go:561.2,561.64 1 0
github.com/rescp17/lanFileSharer/pkg/transfer/unified_manager.go:561.64,563.3 1 0
github.com/rescp17/lanFileSharer/pkg/transfer/unified_manager.go:565.2,580.12 10 0
github.com/rescp17/lanFileSharer/pkg/transfer/unified_manager.go:584.92,589.96 3 13
github.com/rescp17/lanFileSharer/pkg/transfer/unified_manager.go:589.96,592.3 2 4
github.com/rescp17/lanFileSharer/pkg/transfer/unified_manager.go:596.2,597.13 2 9
github.com/rescp17/lanFileSharer/pkg/transfer/unified_manager.go:597.13,599.3 1 1
github.com/rescp17/lanFileSharer/pkg/transfer/unified_manager.go:602.2,610.58 2 8
github.com/rescp17/lanFileSharer/pkg/transfer/unified_manager.go:610.58,616.46 3 3
github.com/rescp17/lanFileSharer/pkg/transfer/unified_manager.go:616.46,618.4 1 1
github.com/rescp17/lanFileSharer/pkg/transfer/unified_manager.go:621.3,621.115 1 3
github.com/rescp17/lanFileSharer/pkg/transfer/unified_manager.go:621.115,623.19 2 3
github.com/rescp17/lanFileSharer/pkg/transfer/unified_manager.go:623.19,625.5 1 3
github.com/rescp17/lanFileSharer/pkg/transfer/unified_manager.go:628.3,628.25 1 3
github.com/rescp17/lanFileSharer/pkg/transfer/unified_manager.go:631.2,631.55 1 5
github.com/rescp17/lanFileSharer/pkg/transfer/unified_manager.go:631.55,639.3 3 2
github.com/rescp17/lanFileSharer/pkg/transfer/unified_manager.go:641.2,641.56 1 3
github.com/rescp17/lanFileSharer/pkg/transfer/unified_manager.go:641.56,646.44 3 3
github.com/rescp17/lanFileSharer/pkg/transfer/unified_manager.go:646.44,648.4 1 3
github.com/rescp17/lanFileSharer/pkg/transfer/unified_manager.go:650.3,650.25 1 3
github.com/rescp17/lanFileSharer/pkg/transfer/unified_manager.go:654.2,654.33 1 0
github.com/rescp17/lanFileSharer/pkg/transfer/unified_manager.go:658.79,663.2 3 15
github.com/rescp17/lanFileSharer/pkg/transfer/unified_manager.go:667.58,675.2 6 23
github.com/rescp17/lanFileSharer/pkg/transfer/unified_manager.go:677.115,685.41 5 42
github.com/rescp17/lanFileSharer/pkg/transfer/unified_manager.go:685.41,686.29 1 50
github.com/rescp17/lanFileSharer/pkg/transfer/unified_manager.go:686.29,688.17 1 50
github.com/rescp17/lanFileSharer/pkg/transfer/unified_manager.go:688.17,689.33 1 50
github.com/rescp17/lanFileSharer/pkg/transfer/unified_manager.go:689.34,693.6 0 1
github.com/rescp17/lanFileSharer/pkg/transfer/unified_manager.go:695.4,695.57 1 50
github.com/rescp17/lanFileSharer/pkg/transfer/unified_manager.go:700.108,708.41 5 39
github.com/rescp17/lanFileSharer/pkg/transfer/unified_manager.go:708.41,709.29 1 48
github.com/rescp17/lanFileSharer/pkg/transfer/unified_manager.go:709.29,711.17 1 48
github.com/rescp17/lanFileSharer/pkg/transfer/unified_manager.go:711.17,712.33 1 48
github.com/rescp17/lanFileSharer/pkg/transfer/unified_manager.go:712.34,716.6 0 1
github.com/rescp17/lanFileSharer/pkg/transfer/unified_manager.go:718.4,718.50 1 48
github.com/rescp17/lanFileSharer/pkg/transfer/unified_manager.go:734.109,737.19 2 1032
github.com/rescp17/lanFileSharer/pkg/transfer/unified_manager.go:738.29,739.33 1 1028
github.com/rescp17/lanFileSharer/pkg/transfer/unified_manager.go:739.33,742.4 2 1023
github.com/rescp17/lanFileSharer/pkg/transfer/unified_manager.go:743.31,744.35 1 2
github.com/rescp17/lanFileSharer/pkg/transfer/unified_manager.go:744.35,747.4 2 2
github.com/rescp17/lanFileSharer/pkg/transfer/unified_manager.go:748.28,749.32 1 2
github.com/rescp17/lanFileSharer/pkg/transfer/unified_manager.go:749.32,752.4 2 0
github.com/rescp17/lanFileSharer/pkg/transfer/unified_manager.go:756.2,756.14 1 1032
github.com/rescp17/lanFileSharer/pkg/transfer/unified_manager.go:756.14,758.3 1 7
github.com/rescp17/lanFileSharer/pkg/transfer/unified_manager.go:761.2,761.17 1 1025
github.com/rescp17/lanFileSharer/pkg/transfer/unified_manager.go:762.29,763.36 1 0
github.com/rescp17/lanFileSharer/pkg/transfer/unified_manager.go:764.31,765.38 1 517
github.com/rescp17/lanFileSharer/pkg/transfer/unified_manager.go:766.28,767.35 1 508
github.com/rescp17/lanFileSharer/pkg/transfer/unified_manager.go:770.2,770.13 1 1025
github.com/rescp17/lanFileSharer/pkg/transfer/unified_manager.go:775.90,776.15 1 1043
github.com/rescp17/lanFileSharer/pkg/transfer/unified_manager.go:777.29,778.36 1 1041
github.com/rescp17/lanFileSharer/pkg/transfer/unified_manager.go:779.31,780.38 1 2
github.com/rescp17/lanFileSharer/pkg/transfer/unified_manager.go:781.28,782.35 1 0
github.com/rescp17/lanFileSharer/pkg/transfer/unified_manager.go:788.100,789.15 1 0
github.com/rescp17/lanFileSharer/pkg/transfer/unified_manager.go:790.29,791.33 1 0
github.com/rescp17/lanFileSharer/pkg/transfer/unified_manager.go:791.33,794.4 2 0
github.com/rescp17/lanFileSharer/pkg/transfer/unified_manager.go:795.31,796.35 1 0
github.com/rescp17/lanFileSharer/pkg/transfer/unified_manager.go:796.35,799.4 2 0
github.com/rescp17/lanFileSharer/pkg/transfer/unified_manager.go:800.28,801.32 1 0
github.com/rescp17/lanFileSharer/pkg/transfer/unified_manager.go:801.32,804.4 2 0
github.com/rescp17/lanFileSharer/pkg/transfer/unified_manager.go:806.2,806.14 1 0
github.com/rescp17/lanFileSharer/pkg/transfer/unified_manager.go:811.86,813.2 1 1040
github.com/rescp17/lanFileSharer/pkg/transfer/unified_manager.go:818.73,819.41 1 2
github.com/rescp17/lanFileSharer/pkg/transfer/unified_manager.go:819.41,821.3 1 1
github.com/rescp17/lanFileSharer/pkg/transfer/unified_manager.go:822.2,822.18 1 1
github.com/rescp17/lanFileSharer/pkg/transfer/unified_manager.go:827.94,828.15 1 23
github.com/rescp17/lanFileSharer/pkg/transfer/unified_manager.go:829.29,830.36 1 5
github.com/rescp17/lanFileSharer/pkg/transfer/unified_manager.go:831.31,832.38 1 12
github.com/rescp17/lanFileSharer/pkg/transfer/unified_manager.go:833.28,834.35 1 6
github.com/rescp17/lanFileSharer/pkg/transfer/unified_manager.go:836.2,836.14 1 0
github.com/rescp17/lanFileSharer/pkg/transfer/unified_manager.go:840.87,842.2 1 0
github.com/rescp17/lanFileSharer/pkg/transfer/unified_manager.go:845.77,847.2 1 0
github.com/rescp17/lanFileSharer/pkg/transfer/unified_manager.go:850.73,852.2 1 0
github.com/rescp17/lanFileSharer/pkg/transfer/unified_manager.go:855.65,857.2 1 0
github.com/rescp17/lanFileSharer/pkg/transfer/unified_manager.go:860.74,864.2 1 0
github.com/rescp17/lanFileSharer/pkg/transfer/unified_manager.go:867.67,869.2 1 0
github.com/rescp17/lanFileSharer/pkg/transfer/unified_manager.go:872.57,876.57 3 0
github.com/rescp17/lanFileSharer/pkg/transfer/unified_manager.go:876.57,878.3 1 0
github.com/rescp17/lanFileSharer/pkg/transfer/unified_manager.go:880.2,885.42 4 0
github.com/rescp17/lanFileSharer/pkg/transfer/unified_manager.go:885.42,888.3 2 0
github.com/rescp17/lanFileSharer/pkg/transfer/unified_manager.go:891.2,893.12 2 0
github.com/rescp17/lanFileSharer/pkg/transfer/unified_manager.go:897.58,901.57 3 0
github.com/rescp17/lanFileSharer/pkg/transfer/unified_manager.go:901.57,903.3 1 0
github.com/rescp17/lanFileSharer/pkg/transfer/unified_manager.go:905.2,910.42 4 0
github.com/rescp17/lanFileSharer/pkg/transfer/unified_manager.go:910.42,913.3 2 0
github.com/rescp17/lanFileSharer/pkg/transfer/unified_manager.go:916.2,918.12 2 0
github.com/rescp17/lanFileSharer/pkg/transfer/unified_manager.go:922.58,928.58 3 0
github.com/rescp17/lanFileSharer/pkg/transfer/unified_manager.go:928.58,930.3 1 0
github.com/rescp17/lanFileSharer/pkg/transfer/unified_manager.go:932.2,937.42 4 0
github.com/rescp17/lanFileSharer/pkg/transfer/unified_manager.go:937.42,940.3 2 0
github.com/rescp17/lanFileSharer/pkg/transfer/unified_manager.go:943.2,943.62 1 0
github.com/rescp17/lanFileSharer/pkg/transfer/unified_manager.go:943.62,945.3 1 0
github.com/rescp17/lanFileSharer/pkg/transfer/unified_manager.go:948.2,950.12 2 0
github.com/rescp17/lanFileSharer/pkg/transfer/unified_manager.go:954.59,958.2 3 0
github.com/rescp17/lanFileSharer/pkg/transfer/unified_manager.go:961.62,965.2 3 0
github.com/rescp17/lanFileSharer/pkg/transfer/unified_manager.go:968.73,972.2 3 0
github.com/rescp17/lanFileSharer/pkg/transfer/unified_manager.go:975.47,976.31 1 0
github.com/rescp17/lanFileSharer/pkg/transfer/unified_manager.go:976.31,978.3 1 0
