mode: set
github.com/rescp17/lanFileSharer/pkg/crypto/signature.go:29.61,32.16 2 1
github.com/rescp17/lanFileSharer/pkg/crypto/signature.go:32.16,34.3 1 0
github.com/rescp17/lanFileSharer/pkg/crypto/signature.go:36.2,39.8 1 1
github.com/rescp17/lanFileSharer/pkg/crypto/signature.go:43.106,46.16 2 1
github.com/rescp17/lanFileSharer/pkg/crypto/signature.go:46.16,48.3 1 0
github.com/rescp17/lanFileSharer/pkg/crypto/signature.go:51.2,55.16 3 1
github.com/rescp17/lanFileSharer/pkg/crypto/signature.go:55.16,57.3 1 0
github.com/rescp17/lanFileSharer/pkg/crypto/signature.go:60.2,61.16 2 1
github.com/rescp17/lanFileSharer/pkg/crypto/signature.go:61.16,63.3 1 0
github.com/rescp17/lanFileSharer/pkg/crypto/signature.go:65.2,69.8 1 1
github.com/rescp17/lanFileSharer/pkg/crypto/signature.go:73.61,76.16 2 1
github.com/rescp17/lanFileSharer/pkg/crypto/signature.go:76.16,78.3 1 1
github.com/rescp17/lanFileSharer/pkg/crypto/signature.go:80.2,81.9 2 1
github.com/rescp17/lanFileSharer/pkg/crypto/signature.go:81.9,83.3 1 0
github.com/rescp17/lanFileSharer/pkg/crypto/signature.go:86.2,87.16 2 1
github.com/rescp17/lanFileSharer/pkg/crypto/signature.go:87.16,89.3 1 0
github.com/rescp17/lanFileSharer/pkg/crypto/signature.go:92.2,96.16 3 1
github.com/rescp17/lanFileSharer/pkg/crypto/signature.go:96.16,98.3 1 1
github.com/rescp17/lanFileSharer/pkg/crypto/signature.go:100.2,100.12 1 1
github.com/rescp17/lanFileSharer/pkg/crypto/signature.go:104.82,106.33 2 1
github.com/rescp17/lanFileSharer/pkg/crypto/signature.go:106.33,108.17 2 1
github.com/rescp17/lanFileSharer/pkg/crypto/signature.go:108.17,110.4 1 1
github.com/rescp17/lanFileSharer/pkg/crypto/signature.go:111.3,111.30 1 1
github.com/rescp17/lanFileSharer/pkg/crypto/signature.go:114.2,115.16 2 1
github.com/rescp17/lanFileSharer/pkg/crypto/signature.go:115.16,117.3 1 0
github.com/rescp17/lanFileSharer/pkg/crypto/signature.go:119.2,119.40 1 1
github.com/rescp17/lanFileSharer/pkg/crypto/signature.go:123.67,125.2 1 1
github.com/rescp17/lanFileSharer/pkg/crypto/signature.go:128.68,130.2 1 1
github.com/rescp17/lanFileSharer/pkg/crypto/utils.go:18.53,19.20 1 1
github.com/rescp17/lanFileSharer/pkg/crypto/utils.go:19.20,21.3 1 1
github.com/rescp17/lanFileSharer/pkg/crypto/utils.go:23.2,24.16 2 1
github.com/rescp17/lanFileSharer/pkg/crypto/utils.go:24.16,26.3 1 0
github.com/rescp17/lanFileSharer/pkg/crypto/utils.go:28.2,31.8 1 1
github.com/rescp17/lanFileSharer/pkg/crypto/utils.go:35.66,42.2 3 1
github.com/rescp17/lanFileSharer/pkg/crypto/utils.go:45.63,47.16 2 1
github.com/rescp17/lanFileSharer/pkg/crypto/utils.go:47.16,49.3 1 0
github.com/rescp17/lanFileSharer/pkg/crypto/utils.go:51.2,55.26 2 1
github.com/rescp17/lanFileSharer/pkg/crypto/utils.go:59.65,61.18 2 1
github.com/rescp17/lanFileSharer/pkg/crypto/utils.go:61.18,63.3 1 1
github.com/rescp17/lanFileSharer/pkg/crypto/utils.go:65.2,65.37 1 1
github.com/rescp17/lanFileSharer/pkg/crypto/utils.go:65.37,67.3 1 1
github.com/rescp17/lanFileSharer/pkg/crypto/utils.go:69.2,70.16 2 1
github.com/rescp17/lanFileSharer/pkg/crypto/utils.go:70.16,72.3 1 0
github.com/rescp17/lanFileSharer/pkg/crypto/utils.go:74.2,74.24 1 1
github.com/rescp17/lanFileSharer/pkg/crypto/utils.go:78.63,80.18 2 1
github.com/rescp17/lanFileSharer/pkg/crypto/utils.go:80.18,82.3 1 1
github.com/rescp17/lanFileSharer/pkg/crypto/utils.go:84.2,84.32 1 1
github.com/rescp17/lanFileSharer/pkg/crypto/utils.go:84.32,86.3 1 1
github.com/rescp17/lanFileSharer/pkg/crypto/utils.go:88.2,89.16 2 1
github.com/rescp17/lanFileSharer/pkg/crypto/utils.go:89.16,91.3 1 0
github.com/rescp17/lanFileSharer/pkg/crypto/utils.go:93.2,94.9 2 1
github.com/rescp17/lanFileSharer/pkg/crypto/utils.go:94.9,96.3 1 0
github.com/rescp17/lanFileSharer/pkg/crypto/utils.go:98.2,98.23 1 1
github.com/rescp17/lanFileSharer/pkg/crypto/utils.go:102.82,104.50 1 1
github.com/rescp17/lanFileSharer/pkg/crypto/utils.go:104.50,106.3 1 1
github.com/rescp17/lanFileSharer/pkg/crypto/utils.go:108.2,108.43 1 1
github.com/rescp17/lanFileSharer/pkg/crypto/utils.go:108.43,110.3 1 1
github.com/rescp17/lanFileSharer/pkg/crypto/utils.go:112.2,112.12 1 1
github.com/rescp17/lanFileSharer/pkg/crypto/utils.go:116.56,117.22 1 1
github.com/rescp17/lanFileSharer/pkg/crypto/utils.go:117.22,119.3 1 1
github.com/rescp17/lanFileSharer/pkg/crypto/utils.go:121.2,121.24 1 1
github.com/rescp17/lanFileSharer/pkg/crypto/utils.go:121.24,123.3 1 1
github.com/rescp17/lanFileSharer/pkg/crypto/utils.go:126.2,126.33 1 1
github.com/rescp17/lanFileSharer/pkg/crypto/utils.go:126.33,128.3 1 0
github.com/rescp17/lanFileSharer/pkg/crypto/utils.go:131.2,131.46 1 1
github.com/rescp17/lanFileSharer/pkg/crypto/utils.go:131.46,133.3 1 1
github.com/rescp17/lanFileSharer/pkg/crypto/utils.go:135.2,135.12 1 1
github.com/rescp17/lanFileSharer/pkg/crypto/utils.go:139.59,140.23 1 1
github.com/rescp17/lanFileSharer/pkg/crypto/utils.go:140.23,142.3 1 1
github.com/rescp17/lanFileSharer/pkg/crypto/utils.go:145.2,145.65 1 1
github.com/rescp17/lanFileSharer/pkg/crypto/utils.go:145.65,147.3 1 0
github.com/rescp17/lanFileSharer/pkg/crypto/utils.go:150.2,150.25 1 1
github.com/rescp17/lanFileSharer/pkg/crypto/utils.go:150.25,152.3 1 1
github.com/rescp17/lanFileSharer/pkg/crypto/utils.go:154.2,154.32 1 1
github.com/rescp17/lanFileSharer/pkg/crypto/utils.go:154.32,156.3 1 1
github.com/rescp17/lanFileSharer/pkg/crypto/utils.go:159.2,160.16 2 1
github.com/rescp17/lanFileSharer/pkg/crypto/utils.go:160.16,162.3 1 0
github.com/rescp17/lanFileSharer/pkg/crypto/utils.go:164.2,164.12 1 1
github.com/rescp17/lanFileSharer/pkg/crypto/utils.go:168.43,169.22 1 1
github.com/rescp17/lanFileSharer/pkg/crypto/utils.go:169.22,171.3 1 1
github.com/rescp17/lanFileSharer/pkg/crypto/utils.go:173.2,174.30 2 1
github.com/rescp17/lanFileSharer/pkg/crypto/utils.go:174.30,176.3 1 1
github.com/rescp17/lanFileSharer/pkg/crypto/utils.go:178.2,178.20 1 1
